<html>
<head>
<title>TestNG:  TestName</title>
<link href="../testng.css" rel="stylesheet" type="text/css" />
<link href="../my-testng.css" rel="stylesheet" type="text/css" />

<style type="text/css">
.log { display: none;} 
.stack-trace { display: none;} 
</style>
<script type="text/javascript">
<!--
function flip(e) {
  current = e.style.display;
  if (current == 'block') {
    e.style.display = 'none';
    return 0;
  }
  else {
    e.style.display = 'block';
    return 1;
  }
}

function toggleBox(szDivId, elem, msg1, msg2)
{
  var res = -1;  if (document.getElementById) {
    res = flip(document.getElementById(szDivId));
  }
  else if (document.all) {
    // this is the way old msie versions work
    res = flip(document.all[szDivId]);
  }
  if(elem) {
    if(res == 0) elem.innerHTML = msg1; else elem.innerHTML = msg2;
  }

}

function toggleAllBoxes() {
  if (document.getElementsByTagName) {
    d = document.getElementsByTagName('div');
    for (i = 0; i < d.length; i++) {
      if (d[i].className == 'log') {
        flip(d[i]);
      }
    }
  }
}

// -->
</script>

</head>
<body>
<h2 align='center'>TestName</h2><table border='1' align="center">
<tr>
<td>Tests passed/Failed/Skipped:</td><td>102/16/2</td>
</tr><tr>
<td>Started on:</td><td>Tue Jan 24 14:05:42 IST 2023</td>
</tr>
<tr><td>Total time:</td><td>8307 seconds (8307506 ms)</td>
</tr><tr>
<td>Included groups:</td><td></td>
</tr><tr>
<td>Excluded groups:</td><td></td>
</tr>
</table><p/>
<small><i>(Hover the method name to see the test class name)</i></small><p/>
<table width='100%' border='1' class='invocation-failed'>
<tr><td colspan='4' align='center'><b>FAILED CONFIGURATIONS</b></td></tr>
<tr><td><b>Test method</b></td>
<td width="30%"><b>Exception</b></td>
<td width="10%"><b>Time (seconds)</b></td>
<td><b>Instance</b></td>
</tr>
<tr>
<td title='testcases.Announcement.reportWrapUp()'><b>reportWrapUp</b><br>Test class: testcases.Announcement<br>Parameters: [TestResult name={null} status=CREATED method=Announcement.ValidationCheck()[pri:1, instance:testcases.Announcement@5ffead27] output={null}], public void testcases.Announcement.ValidationCheck()</td>
<td><div><pre>java.lang.NullPointerException: Cannot invoke &quot;org.openqa.selenium.TakesScreenshot.getScreenshotAs(org.openqa.selenium.OutputType)&quot; because &quot;this.driver&quot; is null
	at utils.WebTestBase.reportWrapUp(WebTestBase.java:70)
	at java.base/java.util.ArrayList.forEach(ArrayList.java:1511)
... Removed 32 stack frames</pre></div><a href='#' onClick='toggleBox("stack-trace1332691311", this, "Click to show all stack frames", "Click to hide stack frames")'>Click to show all stack frames</a>
<div class='stack-trace' id='stack-trace1332691311'><pre>java.lang.NullPointerException: Cannot invoke &quot;org.openqa.selenium.TakesScreenshot.getScreenshotAs(org.openqa.selenium.OutputType)&quot; because &quot;this.driver&quot; is null
	at utils.WebTestBase.reportWrapUp(WebTestBase.java:70)
	at java.base/jdk.internal.reflect.NativeMethodAccessorImpl.invoke0(Native Method)
	at java.base/jdk.internal.reflect.NativeMethodAccessorImpl.invoke(NativeMethodAccessorImpl.java:77)
	at java.base/jdk.internal.reflect.DelegatingMethodAccessorImpl.invoke(DelegatingMethodAccessorImpl.java:43)
	at java.base/java.lang.reflect.Method.invoke(Method.java:568)
	at org.testng.internal.MethodInvocationHelper.invokeMethod(MethodInvocationHelper.java:133)
	at org.testng.internal.MethodInvocationHelper.invokeMethodConsideringTimeout(MethodInvocationHelper.java:62)
	at org.testng.internal.ConfigInvoker.invokeConfigurationMethod(ConfigInvoker.java:385)
	at org.testng.internal.ConfigInvoker.invokeConfigurations(ConfigInvoker.java:321)
	at org.testng.internal.TestInvoker.runConfigMethods(TestInvoker.java:700)
	at org.testng.internal.TestInvoker.runAfterGroupsConfigurations(TestInvoker.java:676)
	at org.testng.internal.TestInvoker.invokeMethod(TestInvoker.java:546)
	at org.testng.internal.TestInvoker.invokeTestMethod(TestInvoker.java:173)
	at org.testng.internal.MethodRunner.runInSequence(MethodRunner.java:46)
	at org.testng.internal.TestInvoker$MethodInvocationAgent.invoke(TestInvoker.java:824)
	at org.testng.internal.TestInvoker.invokeTestMethods(TestInvoker.java:146)
	at org.testng.internal.TestMethodWorker.invokeTestMethods(TestMethodWorker.java:146)
	at org.testng.internal.TestMethodWorker.run(TestMethodWorker.java:128)
	at java.base/java.util.ArrayList.forEach(ArrayList.java:1511)
	at org.testng.TestRunner.privateRun(TestRunner.java:794)
	at org.testng.TestRunner.run(TestRunner.java:596)
	at org.testng.SuiteRunner.runTest(SuiteRunner.java:377)
	at org.testng.SuiteRunner.runSequentially(SuiteRunner.java:371)
	at org.testng.SuiteRunner.privateRun(SuiteRunner.java:332)
	at org.testng.SuiteRunner.run(SuiteRunner.java:276)
	at org.testng.SuiteRunnerWorker.runSuite(SuiteRunnerWorker.java:53)
	at org.testng.SuiteRunnerWorker.run(SuiteRunnerWorker.java:96)
	at org.testng.TestNG.runSuitesSequentially(TestNG.java:1212)
	at org.testng.TestNG.runSuitesLocally(TestNG.java:1134)
	at org.testng.TestNG.runSuites(TestNG.java:1063)
	at org.testng.TestNG.run(TestNG.java:1031)
	at org.testng.remote.AbstractRemoteTestNG.run(AbstractRemoteTestNG.java:115)
	at org.testng.remote.RemoteTestNG.initAndRun(RemoteTestNG.java:251)
	at org.testng.remote.RemoteTestNG.main(RemoteTestNG.java:77)
</pre></div></td>
<td>0</td>
<td>testcases.Announcement@5ffead27</td></tr>
<tr>
<td title='testcases.Announcement.setUp()'><b>setUp</b><br>Test class: testcases.Announcement</td>
<td><div><pre>org.openqa.selenium.WebDriverException: Timed out waiting for driver server to start.
Build info: version: &apos;3.141.59&apos;, revision: &apos;e82be7d358&apos;, time: &apos;2018-11-14T08:17:03&apos;
System info: host: &apos;COG-WIN-MAC03&apos;, ip: &apos;192.168.0.167&apos;, os.name: &apos;Windows 10&apos;, os.arch: &apos;amd64&apos;, os.version: &apos;10.0&apos;, java.version: &apos;17.0.2&apos;
Driver info: driver.version: ChromeDriver
	at org.openqa.selenium.remote.service.DriverService.waitUntilAvailable(DriverService.java:202)
	at org.openqa.selenium.remote.service.DriverService.start(DriverService.java:188)
	at org.openqa.selenium.remote.service.DriverCommandExecutor.execute(DriverCommandExecutor.java:79)
	at org.openqa.selenium.remote.RemoteWebDriver.execute(RemoteWebDriver.java:552)
	at org.openqa.selenium.remote.RemoteWebDriver.startSession(RemoteWebDriver.java:213)
	at org.openqa.selenium.remote.RemoteWebDriver.&lt;init&gt;(RemoteWebDriver.java:131)
	at org.openqa.selenium.chrome.ChromeDriver.&lt;init&gt;(ChromeDriver.java:181)
	at org.openqa.selenium.chrome.ChromeDriver.&lt;init&gt;(ChromeDriver.java:168)
	at org.openqa.selenium.chrome.ChromeDriver.&lt;init&gt;(ChromeDriver.java:157)
	at utils.Drivers.getWebDriver(Drivers.java:59)
	at utils.WebTestBase.setUp(WebTestBase.java:51)
	at java.base/java.util.ArrayList.forEach(ArrayList.java:1511)
Caused by: org.openqa.selenium.net.UrlChecker$TimeoutException: Timed out waiting for [http://localhost:18901/status] to be available after 20010 ms
	at org.openqa.selenium.net.UrlChecker.waitUntilAvailable(UrlChecker.java:100)
	at org.openqa.selenium.remote.service.DriverService.waitUntilAvailable(DriverService.java:197)
	... 36 more
Caused by: java.util.concurrent.TimeoutException
	at java.base/java.util.concurrent.FutureTask.get(FutureTask.java:204)
	at com.google.common.util.concurrent.SimpleTimeLimiter.callWithTimeout(SimpleTimeLimiter.java:156)
	at org.openqa.selenium.net.UrlChecker.waitUntilAvailable(UrlChecker.java:75)
	... 37 more
... Removed 25 stack frames</pre></div><a href='#' onClick='toggleBox("stack-trace1276611190", this, "Click to show all stack frames", "Click to hide stack frames")'>Click to show all stack frames</a>
<div class='stack-trace' id='stack-trace1276611190'><pre>org.openqa.selenium.WebDriverException: Timed out waiting for driver server to start.
Build info: version: &apos;3.141.59&apos;, revision: &apos;e82be7d358&apos;, time: &apos;2018-11-14T08:17:03&apos;
System info: host: &apos;COG-WIN-MAC03&apos;, ip: &apos;192.168.0.167&apos;, os.name: &apos;Windows 10&apos;, os.arch: &apos;amd64&apos;, os.version: &apos;10.0&apos;, java.version: &apos;17.0.2&apos;
Driver info: driver.version: ChromeDriver
	at org.openqa.selenium.remote.service.DriverService.waitUntilAvailable(DriverService.java:202)
	at org.openqa.selenium.remote.service.DriverService.start(DriverService.java:188)
	at org.openqa.selenium.remote.service.DriverCommandExecutor.execute(DriverCommandExecutor.java:79)
	at org.openqa.selenium.remote.RemoteWebDriver.execute(RemoteWebDriver.java:552)
	at org.openqa.selenium.remote.RemoteWebDriver.startSession(RemoteWebDriver.java:213)
	at org.openqa.selenium.remote.RemoteWebDriver.&lt;init&gt;(RemoteWebDriver.java:131)
	at org.openqa.selenium.chrome.ChromeDriver.&lt;init&gt;(ChromeDriver.java:181)
	at org.openqa.selenium.chrome.ChromeDriver.&lt;init&gt;(ChromeDriver.java:168)
	at org.openqa.selenium.chrome.ChromeDriver.&lt;init&gt;(ChromeDriver.java:157)
	at utils.Drivers.getWebDriver(Drivers.java:59)
	at utils.WebTestBase.setUp(WebTestBase.java:51)
	at java.base/jdk.internal.reflect.NativeMethodAccessorImpl.invoke0(Native Method)
	at java.base/jdk.internal.reflect.NativeMethodAccessorImpl.invoke(NativeMethodAccessorImpl.java:77)
	at java.base/jdk.internal.reflect.DelegatingMethodAccessorImpl.invoke(DelegatingMethodAccessorImpl.java:43)
	at java.base/java.lang.reflect.Method.invoke(Method.java:568)
	at org.testng.internal.MethodInvocationHelper.invokeMethod(MethodInvocationHelper.java:133)
	at org.testng.internal.MethodInvocationHelper.invokeMethodConsideringTimeout(MethodInvocationHelper.java:62)
	at org.testng.internal.ConfigInvoker.invokeConfigurationMethod(ConfigInvoker.java:385)
	at org.testng.internal.ConfigInvoker.invokeConfigurations(ConfigInvoker.java:321)
	at org.testng.internal.TestMethodWorker.invokeBeforeClassMethods(TestMethodWorker.java:176)
	at org.testng.internal.TestMethodWorker.run(TestMethodWorker.java:122)
	at java.base/java.util.ArrayList.forEach(ArrayList.java:1511)
	at org.testng.TestRunner.privateRun(TestRunner.java:794)
	at org.testng.TestRunner.run(TestRunner.java:596)
	at org.testng.SuiteRunner.runTest(SuiteRunner.java:377)
	at org.testng.SuiteRunner.runSequentially(SuiteRunner.java:371)
	at org.testng.SuiteRunner.privateRun(SuiteRunner.java:332)
	at org.testng.SuiteRunner.run(SuiteRunner.java:276)
	at org.testng.SuiteRunnerWorker.runSuite(SuiteRunnerWorker.java:53)
	at org.testng.SuiteRunnerWorker.run(SuiteRunnerWorker.java:96)
	at org.testng.TestNG.runSuitesSequentially(TestNG.java:1212)
	at org.testng.TestNG.runSuitesLocally(TestNG.java:1134)
	at org.testng.TestNG.runSuites(TestNG.java:1063)
	at org.testng.TestNG.run(TestNG.java:1031)
	at org.testng.remote.AbstractRemoteTestNG.run(AbstractRemoteTestNG.java:115)
	at org.testng.remote.RemoteTestNG.initAndRun(RemoteTestNG.java:251)
	at org.testng.remote.RemoteTestNG.main(RemoteTestNG.java:77)
Caused by: org.openqa.selenium.net.UrlChecker$TimeoutException: Timed out waiting for [http://localhost:18901/status] to be available after 20010 ms
	at org.openqa.selenium.net.UrlChecker.waitUntilAvailable(UrlChecker.java:100)
	at org.openqa.selenium.remote.service.DriverService.waitUntilAvailable(DriverService.java:197)
	... 36 more
Caused by: java.util.concurrent.TimeoutException
	at java.base/java.util.concurrent.FutureTask.get(FutureTask.java:204)
	at com.google.common.util.concurrent.SimpleTimeLimiter.callWithTimeout(SimpleTimeLimiter.java:156)
	at org.openqa.selenium.net.UrlChecker.waitUntilAvailable(UrlChecker.java:75)
	... 37 more
</pre></div></td>
<td>25</td>
<td>testcases.Announcement@5ffead27</td></tr>
<tr>
<td title='testcases.Announcement.reportWrapUp()'><b>reportWrapUp</b><br>Test class: testcases.Announcement<br>Parameters: [TestResult name={null} status=CREATED method=Announcement.AddSearchDeleteAnnouncement()[pri:2, instance:testcases.Announcement@5ffead27] output={null}], public void testcases.Announcement.AddSearchDeleteAnnouncement()</td>
<td><div><pre>java.lang.NullPointerException: Cannot invoke &quot;org.openqa.selenium.TakesScreenshot.getScreenshotAs(org.openqa.selenium.OutputType)&quot; because &quot;this.driver&quot; is null
	at utils.WebTestBase.reportWrapUp(WebTestBase.java:70)
	at java.base/java.util.ArrayList.forEach(ArrayList.java:1511)
... Removed 32 stack frames</pre></div><a href='#' onClick='toggleBox("stack-trace1306246648", this, "Click to show all stack frames", "Click to hide stack frames")'>Click to show all stack frames</a>
<div class='stack-trace' id='stack-trace1306246648'><pre>java.lang.NullPointerException: Cannot invoke &quot;org.openqa.selenium.TakesScreenshot.getScreenshotAs(org.openqa.selenium.OutputType)&quot; because &quot;this.driver&quot; is null
	at utils.WebTestBase.reportWrapUp(WebTestBase.java:70)
	at java.base/jdk.internal.reflect.NativeMethodAccessorImpl.invoke0(Native Method)
	at java.base/jdk.internal.reflect.NativeMethodAccessorImpl.invoke(NativeMethodAccessorImpl.java:77)
	at java.base/jdk.internal.reflect.DelegatingMethodAccessorImpl.invoke(DelegatingMethodAccessorImpl.java:43)
	at java.base/java.lang.reflect.Method.invoke(Method.java:568)
	at org.testng.internal.MethodInvocationHelper.invokeMethod(MethodInvocationHelper.java:133)
	at org.testng.internal.MethodInvocationHelper.invokeMethodConsideringTimeout(MethodInvocationHelper.java:62)
	at org.testng.internal.ConfigInvoker.invokeConfigurationMethod(ConfigInvoker.java:385)
	at org.testng.internal.ConfigInvoker.invokeConfigurations(ConfigInvoker.java:321)
	at org.testng.internal.TestInvoker.runConfigMethods(TestInvoker.java:700)
	at org.testng.internal.TestInvoker.runAfterGroupsConfigurations(TestInvoker.java:676)
	at org.testng.internal.TestInvoker.invokeMethod(TestInvoker.java:546)
	at org.testng.internal.TestInvoker.invokeTestMethod(TestInvoker.java:173)
	at org.testng.internal.MethodRunner.runInSequence(MethodRunner.java:46)
	at org.testng.internal.TestInvoker$MethodInvocationAgent.invoke(TestInvoker.java:824)
	at org.testng.internal.TestInvoker.invokeTestMethods(TestInvoker.java:146)
	at org.testng.internal.TestMethodWorker.invokeTestMethods(TestMethodWorker.java:146)
	at org.testng.internal.TestMethodWorker.run(TestMethodWorker.java:128)
	at java.base/java.util.ArrayList.forEach(ArrayList.java:1511)
	at org.testng.TestRunner.privateRun(TestRunner.java:794)
	at org.testng.TestRunner.run(TestRunner.java:596)
	at org.testng.SuiteRunner.runTest(SuiteRunner.java:377)
	at org.testng.SuiteRunner.runSequentially(SuiteRunner.java:371)
	at org.testng.SuiteRunner.privateRun(SuiteRunner.java:332)
	at org.testng.SuiteRunner.run(SuiteRunner.java:276)
	at org.testng.SuiteRunnerWorker.runSuite(SuiteRunnerWorker.java:53)
	at org.testng.SuiteRunnerWorker.run(SuiteRunnerWorker.java:96)
	at org.testng.TestNG.runSuitesSequentially(TestNG.java:1212)
	at org.testng.TestNG.runSuitesLocally(TestNG.java:1134)
	at org.testng.TestNG.runSuites(TestNG.java:1063)
	at org.testng.TestNG.run(TestNG.java:1031)
	at org.testng.remote.AbstractRemoteTestNG.run(AbstractRemoteTestNG.java:115)
	at org.testng.remote.RemoteTestNG.initAndRun(RemoteTestNG.java:251)
	at org.testng.remote.RemoteTestNG.main(RemoteTestNG.java:77)
</pre></div></td>
<td>0</td>
<td>testcases.Announcement@5ffead27</td></tr>
<tr>
<td title='testcases.Announcement.closeBrowser()'><b>closeBrowser</b><br>Test class: testcases.Announcement</td>
<td><div><pre>java.lang.NullPointerException: Cannot invoke &quot;org.openqa.selenium.WebDriver.quit()&quot; because &quot;this.driver&quot; is null
	at utils.WebTestBase.closeBrowser(WebTestBase.java:86)
	at java.base/java.util.ArrayList.forEach(ArrayList.java:1511)
... Removed 25 stack frames</pre></div><a href='#' onClick='toggleBox("stack-trace348055829", this, "Click to show all stack frames", "Click to hide stack frames")'>Click to show all stack frames</a>
<div class='stack-trace' id='stack-trace348055829'><pre>java.lang.NullPointerException: Cannot invoke &quot;org.openqa.selenium.WebDriver.quit()&quot; because &quot;this.driver&quot; is null
	at utils.WebTestBase.closeBrowser(WebTestBase.java:86)
	at java.base/jdk.internal.reflect.NativeMethodAccessorImpl.invoke0(Native Method)
	at java.base/jdk.internal.reflect.NativeMethodAccessorImpl.invoke(NativeMethodAccessorImpl.java:77)
	at java.base/jdk.internal.reflect.DelegatingMethodAccessorImpl.invoke(DelegatingMethodAccessorImpl.java:43)
	at java.base/java.lang.reflect.Method.invoke(Method.java:568)
	at org.testng.internal.MethodInvocationHelper.invokeMethod(MethodInvocationHelper.java:133)
	at org.testng.internal.MethodInvocationHelper.invokeMethodConsideringTimeout(MethodInvocationHelper.java:62)
	at org.testng.internal.ConfigInvoker.invokeConfigurationMethod(ConfigInvoker.java:385)
	at org.testng.internal.ConfigInvoker.invokeConfigurations(ConfigInvoker.java:321)
	at org.testng.internal.TestMethodWorker.invokeAfterClassMethods(TestMethodWorker.java:217)
	at org.testng.internal.TestMethodWorker.run(TestMethodWorker.java:130)
	at java.base/java.util.ArrayList.forEach(ArrayList.java:1511)
	at org.testng.TestRunner.privateRun(TestRunner.java:794)
	at org.testng.TestRunner.run(TestRunner.java:596)
	at org.testng.SuiteRunner.runTest(SuiteRunner.java:377)
	at org.testng.SuiteRunner.runSequentially(SuiteRunner.java:371)
	at org.testng.SuiteRunner.privateRun(SuiteRunner.java:332)
	at org.testng.SuiteRunner.run(SuiteRunner.java:276)
	at org.testng.SuiteRunnerWorker.runSuite(SuiteRunnerWorker.java:53)
	at org.testng.SuiteRunnerWorker.run(SuiteRunnerWorker.java:96)
	at org.testng.TestNG.runSuitesSequentially(TestNG.java:1212)
	at org.testng.TestNG.runSuitesLocally(TestNG.java:1134)
	at org.testng.TestNG.runSuites(TestNG.java:1063)
	at org.testng.TestNG.run(TestNG.java:1031)
	at org.testng.remote.AbstractRemoteTestNG.run(AbstractRemoteTestNG.java:115)
	at org.testng.remote.RemoteTestNG.initAndRun(RemoteTestNG.java:251)
	at org.testng.remote.RemoteTestNG.main(RemoteTestNG.java:77)
</pre></div></td>
<td>0</td>
<td>testcases.Announcement@5ffead27</td></tr>
</table><p>
<table width='100%' border='1' class='invocation-skipped'>
<tr><td colspan='4' align='center'><b>SKIPPED CONFIGURATIONS</b></td></tr>
<tr><td><b>Test method</b></td>
<td width="30%"><b>Exception</b></td>
<td width="10%"><b>Time (seconds)</b></td>
<td><b>Instance</b></td>
</tr>
<tr>
<td title='testcases.Announcement.beforeMethod()'><b>beforeMethod</b><br>Test class: testcases.Announcement</td>
<td></td>
<td>-1674549368</td>
<td>testcases.Announcement@5ffead27</td></tr>
<tr>
<td title='testcases.Announcement.beforeMethod()'><b>beforeMethod</b><br>Test class: testcases.Announcement</td>
<td></td>
<td>-1674549368</td>
<td>testcases.Announcement@5ffead27</td></tr>
</table><p>
<table width='100%' border='1' class='invocation-failed'>
<tr><td colspan='4' align='center'><b>FAILED TESTS</b></td></tr>
<tr><td><b>Test method</b></td>
<td width="30%"><b>Exception</b></td>
<td width="10%"><b>Time (seconds)</b></td>
<td><b>Instance</b></td>
</tr>
<tr>
<td title='testcases.ReviewTemplate.ReviewTemplateStatusModificationAndValidation()'><b>ReviewTemplateStatusModificationAndValidation</b><br>Test class: testcases.ReviewTemplate</td>
<td><div><pre>java.lang.AssertionError: org.openqa.selenium.StaleElementReferenceException: stale element reference: element is not attached to the page document
  (Session info: chrome=109.0.5414.75)
For documentation on this error, please visit: https://www.seleniumhq.org/exceptions/stale_element_reference.html
Build info: version: &apos;3.141.59&apos;, revision: &apos;e82be7d358&apos;, time: &apos;2018-11-14T08:17:03&apos;
System info: host: &apos;COG-WIN-MAC03&apos;, ip: &apos;192.168.0.167&apos;, os.name: &apos;Windows 10&apos;, os.arch: &apos;amd64&apos;, os.version: &apos;10.0&apos;, java.version: &apos;17.0.2&apos;
Driver info: org.openqa.selenium.chrome.ChromeDriver
Capabilities {acceptInsecureCerts: false, browserName: chrome, browserVersion: 109.0.5414.75, chrome: {chromedriverVersion: 109.0.5414.74 (e7c5703604da..., userDataDir: C:\Users\aanand\AppData\Loc...}, goog:chromeOptions: {debuggerAddress: localhost:55013}, javascriptEnabled: true, networkConnectionEnabled: false, pageLoadStrategy: normal, platform: WINDOWS, platformName: WINDOWS, proxy: Proxy(), setWindowRect: true, strictFileInteractability: false, timeouts: {implicit: 0, pageLoad: 300000, script: 30000}, unhandledPromptBehavior: dismiss and notify, webauthn:extension:credBlob: true, webauthn:extension:largeBlob: true, webauthn:virtualAuthenticators: true}
Session ID: 709e0d9dfc77d298bb602aee06e1f8d2
	at utils.WebBasePage.enter(WebBasePage.java:81)
	at pageobjects.ReviewTemplatePage.searchreviewtemplate(ReviewTemplatePage.java:158)
	at Action.ReviewTemplateAction.ActiveStatus(ReviewTemplateAction.java:57)
	at testcases.ReviewTemplate.ReviewTemplateStatusModificationAndValidation(ReviewTemplate.java:56)
	at java.base/java.util.ArrayList.forEach(ArrayList.java:1511)
... Removed 28 stack frames</pre></div><a href='#' onClick='toggleBox("stack-trace733435607", this, "Click to show all stack frames", "Click to hide stack frames")'>Click to show all stack frames</a>
<div class='stack-trace' id='stack-trace733435607'><pre>java.lang.AssertionError: org.openqa.selenium.StaleElementReferenceException: stale element reference: element is not attached to the page document
  (Session info: chrome=109.0.5414.75)
For documentation on this error, please visit: https://www.seleniumhq.org/exceptions/stale_element_reference.html
Build info: version: &apos;3.141.59&apos;, revision: &apos;e82be7d358&apos;, time: &apos;2018-11-14T08:17:03&apos;
System info: host: &apos;COG-WIN-MAC03&apos;, ip: &apos;192.168.0.167&apos;, os.name: &apos;Windows 10&apos;, os.arch: &apos;amd64&apos;, os.version: &apos;10.0&apos;, java.version: &apos;17.0.2&apos;
Driver info: org.openqa.selenium.chrome.ChromeDriver
Capabilities {acceptInsecureCerts: false, browserName: chrome, browserVersion: 109.0.5414.75, chrome: {chromedriverVersion: 109.0.5414.74 (e7c5703604da..., userDataDir: C:\Users\aanand\AppData\Loc...}, goog:chromeOptions: {debuggerAddress: localhost:55013}, javascriptEnabled: true, networkConnectionEnabled: false, pageLoadStrategy: normal, platform: WINDOWS, platformName: WINDOWS, proxy: Proxy(), setWindowRect: true, strictFileInteractability: false, timeouts: {implicit: 0, pageLoad: 300000, script: 30000}, unhandledPromptBehavior: dismiss and notify, webauthn:extension:credBlob: true, webauthn:extension:largeBlob: true, webauthn:virtualAuthenticators: true}
Session ID: 709e0d9dfc77d298bb602aee06e1f8d2
	at org.testng.Assert.fail(Assert.java:99)
	at utils.WebBasePage.enter(WebBasePage.java:81)
	at pageobjects.ReviewTemplatePage.searchreviewtemplate(ReviewTemplatePage.java:158)
	at Action.ReviewTemplateAction.ActiveStatus(ReviewTemplateAction.java:57)
	at testcases.ReviewTemplate.ReviewTemplateStatusModificationAndValidation(ReviewTemplate.java:56)
	at java.base/jdk.internal.reflect.NativeMethodAccessorImpl.invoke0(Native Method)
	at java.base/jdk.internal.reflect.NativeMethodAccessorImpl.invoke(NativeMethodAccessorImpl.java:77)
	at java.base/jdk.internal.reflect.DelegatingMethodAccessorImpl.invoke(DelegatingMethodAccessorImpl.java:43)
	at java.base/java.lang.reflect.Method.invoke(Method.java:568)
	at org.testng.internal.MethodInvocationHelper.invokeMethod(MethodInvocationHelper.java:133)
	at org.testng.internal.TestInvoker.invokeMethod(TestInvoker.java:598)
	at org.testng.internal.TestInvoker.invokeTestMethod(TestInvoker.java:173)
	at org.testng.internal.MethodRunner.runInSequence(MethodRunner.java:46)
	at org.testng.internal.TestInvoker$MethodInvocationAgent.invoke(TestInvoker.java:824)
	at org.testng.internal.TestInvoker.invokeTestMethods(TestInvoker.java:146)
	at org.testng.internal.TestMethodWorker.invokeTestMethods(TestMethodWorker.java:146)
	at org.testng.internal.TestMethodWorker.run(TestMethodWorker.java:128)
	at java.base/java.util.ArrayList.forEach(ArrayList.java:1511)
	at org.testng.TestRunner.privateRun(TestRunner.java:794)
	at org.testng.TestRunner.run(TestRunner.java:596)
	at org.testng.SuiteRunner.runTest(SuiteRunner.java:377)
	at org.testng.SuiteRunner.runSequentially(SuiteRunner.java:371)
	at org.testng.SuiteRunner.privateRun(SuiteRunner.java:332)
	at org.testng.SuiteRunner.run(SuiteRunner.java:276)
	at org.testng.SuiteRunnerWorker.runSuite(SuiteRunnerWorker.java:53)
	at org.testng.SuiteRunnerWorker.run(SuiteRunnerWorker.java:96)
	at org.testng.TestNG.runSuitesSequentially(TestNG.java:1212)
	at org.testng.TestNG.runSuitesLocally(TestNG.java:1134)
	at org.testng.TestNG.runSuites(TestNG.java:1063)
	at org.testng.TestNG.run(TestNG.java:1031)
	at org.testng.remote.AbstractRemoteTestNG.run(AbstractRemoteTestNG.java:115)
	at org.testng.remote.RemoteTestNG.initAndRun(RemoteTestNG.java:251)
	at org.testng.remote.RemoteTestNG.main(RemoteTestNG.java:77)
</pre></div></td>
<td>94</td>
<td>testcases.ReviewTemplate@595b007d</td></tr>
<tr>
<td title='testcases.Venue.addVenueValidationCheck()'><b>addVenueValidationCheck</b><br>Test class: testcases.Venue</td>
<td><div><pre>java.lang.AssertionError: Full Menu -  element not present
	at utils.WebBasePage.click(WebBasePage.java:126)
	at pageobjects.VenuePage.clickFullMenuDropDown(VenuePage.java:50)
	at Action.VenueAction.goToVenueTab(VenueAction.java:20)
	at testcases.Venue.addVenueValidationCheck(Venue.java:25)
	at java.base/java.util.ArrayList.forEach(ArrayList.java:1511)
... Removed 28 stack frames</pre></div><a href='#' onClick='toggleBox("stack-trace565393842", this, "Click to show all stack frames", "Click to hide stack frames")'>Click to show all stack frames</a>
<div class='stack-trace' id='stack-trace565393842'><pre>java.lang.AssertionError: Full Menu -  element not present
	at org.testng.Assert.fail(Assert.java:99)
	at utils.WebBasePage.click(WebBasePage.java:126)
	at pageobjects.VenuePage.clickFullMenuDropDown(VenuePage.java:50)
	at Action.VenueAction.goToVenueTab(VenueAction.java:20)
	at testcases.Venue.addVenueValidationCheck(Venue.java:25)
	at java.base/jdk.internal.reflect.NativeMethodAccessorImpl.invoke0(Native Method)
	at java.base/jdk.internal.reflect.NativeMethodAccessorImpl.invoke(NativeMethodAccessorImpl.java:77)
	at java.base/jdk.internal.reflect.DelegatingMethodAccessorImpl.invoke(DelegatingMethodAccessorImpl.java:43)
	at java.base/java.lang.reflect.Method.invoke(Method.java:568)
	at org.testng.internal.MethodInvocationHelper.invokeMethod(MethodInvocationHelper.java:133)
	at org.testng.internal.TestInvoker.invokeMethod(TestInvoker.java:598)
	at org.testng.internal.TestInvoker.invokeTestMethod(TestInvoker.java:173)
	at org.testng.internal.MethodRunner.runInSequence(MethodRunner.java:46)
	at org.testng.internal.TestInvoker$MethodInvocationAgent.invoke(TestInvoker.java:824)
	at org.testng.internal.TestInvoker.invokeTestMethods(TestInvoker.java:146)
	at org.testng.internal.TestMethodWorker.invokeTestMethods(TestMethodWorker.java:146)
	at org.testng.internal.TestMethodWorker.run(TestMethodWorker.java:128)
	at java.base/java.util.ArrayList.forEach(ArrayList.java:1511)
	at org.testng.TestRunner.privateRun(TestRunner.java:794)
	at org.testng.TestRunner.run(TestRunner.java:596)
	at org.testng.SuiteRunner.runTest(SuiteRunner.java:377)
	at org.testng.SuiteRunner.runSequentially(SuiteRunner.java:371)
	at org.testng.SuiteRunner.privateRun(SuiteRunner.java:332)
	at org.testng.SuiteRunner.run(SuiteRunner.java:276)
	at org.testng.SuiteRunnerWorker.runSuite(SuiteRunnerWorker.java:53)
	at org.testng.SuiteRunnerWorker.run(SuiteRunnerWorker.java:96)
	at org.testng.TestNG.runSuitesSequentially(TestNG.java:1212)
	at org.testng.TestNG.runSuitesLocally(TestNG.java:1134)
	at org.testng.TestNG.runSuites(TestNG.java:1063)
	at org.testng.TestNG.run(TestNG.java:1031)
	at org.testng.remote.AbstractRemoteTestNG.run(AbstractRemoteTestNG.java:115)
	at org.testng.remote.RemoteTestNG.initAndRun(RemoteTestNG.java:251)
	at org.testng.remote.RemoteTestNG.main(RemoteTestNG.java:77)
</pre></div></td>
<td>56</td>
<td>testcases.Venue@36bc55de</td></tr>
<tr>
<td title='testcases.Break.AddBreak()'><b>AddBreak</b><br>Test class: testcases.Break</td>
<td><div><pre>java.lang.AssertionError:  Close Success Message -  element not clickable
	at utils.WebBasePage.click(WebBasePage.java:119)
	at pageobjects.BreakPage.HandleSuccessMessage(BreakPage.java:179)
	at Action.BreakAction.AddBreak(BreakAction.java:45)
	at testcases.Break.AddBreak(Break.java:32)
	at java.base/java.util.ArrayList.forEach(ArrayList.java:1511)
... Removed 28 stack frames</pre></div><a href='#' onClick='toggleBox("stack-trace48428832", this, "Click to show all stack frames", "Click to hide stack frames")'>Click to show all stack frames</a>
<div class='stack-trace' id='stack-trace48428832'><pre>java.lang.AssertionError:  Close Success Message -  element not clickable
	at org.testng.Assert.fail(Assert.java:99)
	at utils.WebBasePage.click(WebBasePage.java:119)
	at pageobjects.BreakPage.HandleSuccessMessage(BreakPage.java:179)
	at Action.BreakAction.AddBreak(BreakAction.java:45)
	at testcases.Break.AddBreak(Break.java:32)
	at java.base/jdk.internal.reflect.NativeMethodAccessorImpl.invoke0(Native Method)
	at java.base/jdk.internal.reflect.NativeMethodAccessorImpl.invoke(NativeMethodAccessorImpl.java:77)
	at java.base/jdk.internal.reflect.DelegatingMethodAccessorImpl.invoke(DelegatingMethodAccessorImpl.java:43)
	at java.base/java.lang.reflect.Method.invoke(Method.java:568)
	at org.testng.internal.MethodInvocationHelper.invokeMethod(MethodInvocationHelper.java:133)
	at org.testng.internal.TestInvoker.invokeMethod(TestInvoker.java:598)
	at org.testng.internal.TestInvoker.invokeTestMethod(TestInvoker.java:173)
	at org.testng.internal.MethodRunner.runInSequence(MethodRunner.java:46)
	at org.testng.internal.TestInvoker$MethodInvocationAgent.invoke(TestInvoker.java:824)
	at org.testng.internal.TestInvoker.invokeTestMethods(TestInvoker.java:146)
	at org.testng.internal.TestMethodWorker.invokeTestMethods(TestMethodWorker.java:146)
	at org.testng.internal.TestMethodWorker.run(TestMethodWorker.java:128)
	at java.base/java.util.ArrayList.forEach(ArrayList.java:1511)
	at org.testng.TestRunner.privateRun(TestRunner.java:794)
	at org.testng.TestRunner.run(TestRunner.java:596)
	at org.testng.SuiteRunner.runTest(SuiteRunner.java:377)
	at org.testng.SuiteRunner.runSequentially(SuiteRunner.java:371)
	at org.testng.SuiteRunner.privateRun(SuiteRunner.java:332)
	at org.testng.SuiteRunner.run(SuiteRunner.java:276)
	at org.testng.SuiteRunnerWorker.runSuite(SuiteRunnerWorker.java:53)
	at org.testng.SuiteRunnerWorker.run(SuiteRunnerWorker.java:96)
	at org.testng.TestNG.runSuitesSequentially(TestNG.java:1212)
	at org.testng.TestNG.runSuitesLocally(TestNG.java:1134)
	at org.testng.TestNG.runSuites(TestNG.java:1063)
	at org.testng.TestNG.run(TestNG.java:1031)
	at org.testng.remote.AbstractRemoteTestNG.run(AbstractRemoteTestNG.java:115)
	at org.testng.remote.RemoteTestNG.initAndRun(RemoteTestNG.java:251)
	at org.testng.remote.RemoteTestNG.main(RemoteTestNG.java:77)
</pre></div></td>
<td>75</td>
<td>testcases.Break@67d48005</td></tr>
<tr>
<td title='testcases.Phase.phaseListing()'><b>phaseListing</b><br>Test class: testcases.Phase</td>
<td><div><pre>java.lang.AssertionError: java.lang.IllegalArgumentException: Keys to send should be a not null CharSequence
	at utils.WebBasePage.enter(WebBasePage.java:81)
	at pageobjects.PhasePage.enterSearchText(PhasePage.java:148)
	at Action.PhaseAction.ActiveStatus(PhaseAction.java:68)
	at testcases.Phase.phaseListing(Phase.java:55)
	at java.base/java.util.ArrayList.forEach(ArrayList.java:1511)
... Removed 28 stack frames</pre></div><a href='#' onClick='toggleBox("stack-trace1592777645", this, "Click to show all stack frames", "Click to hide stack frames")'>Click to show all stack frames</a>
<div class='stack-trace' id='stack-trace1592777645'><pre>java.lang.AssertionError: java.lang.IllegalArgumentException: Keys to send should be a not null CharSequence
	at org.testng.Assert.fail(Assert.java:99)
	at utils.WebBasePage.enter(WebBasePage.java:81)
	at pageobjects.PhasePage.enterSearchText(PhasePage.java:148)
	at Action.PhaseAction.ActiveStatus(PhaseAction.java:68)
	at testcases.Phase.phaseListing(Phase.java:55)
	at java.base/jdk.internal.reflect.NativeMethodAccessorImpl.invoke0(Native Method)
	at java.base/jdk.internal.reflect.NativeMethodAccessorImpl.invoke(NativeMethodAccessorImpl.java:77)
	at java.base/jdk.internal.reflect.DelegatingMethodAccessorImpl.invoke(DelegatingMethodAccessorImpl.java:43)
	at java.base/java.lang.reflect.Method.invoke(Method.java:568)
	at org.testng.internal.MethodInvocationHelper.invokeMethod(MethodInvocationHelper.java:133)
	at org.testng.internal.TestInvoker.invokeMethod(TestInvoker.java:598)
	at org.testng.internal.TestInvoker.invokeTestMethod(TestInvoker.java:173)
	at org.testng.internal.MethodRunner.runInSequence(MethodRunner.java:46)
	at org.testng.internal.TestInvoker$MethodInvocationAgent.invoke(TestInvoker.java:824)
	at org.testng.internal.TestInvoker.invokeTestMethods(TestInvoker.java:146)
	at org.testng.internal.TestMethodWorker.invokeTestMethods(TestMethodWorker.java:146)
	at org.testng.internal.TestMethodWorker.run(TestMethodWorker.java:128)
	at java.base/java.util.ArrayList.forEach(ArrayList.java:1511)
	at org.testng.TestRunner.privateRun(TestRunner.java:794)
	at org.testng.TestRunner.run(TestRunner.java:596)
	at org.testng.SuiteRunner.runTest(SuiteRunner.java:377)
	at org.testng.SuiteRunner.runSequentially(SuiteRunner.java:371)
	at org.testng.SuiteRunner.privateRun(SuiteRunner.java:332)
	at org.testng.SuiteRunner.run(SuiteRunner.java:276)
	at org.testng.SuiteRunnerWorker.runSuite(SuiteRunnerWorker.java:53)
	at org.testng.SuiteRunnerWorker.run(SuiteRunnerWorker.java:96)
	at org.testng.TestNG.runSuitesSequentially(TestNG.java:1212)
	at org.testng.TestNG.runSuitesLocally(TestNG.java:1134)
	at org.testng.TestNG.runSuites(TestNG.java:1063)
	at org.testng.TestNG.run(TestNG.java:1031)
	at org.testng.remote.AbstractRemoteTestNG.run(AbstractRemoteTestNG.java:115)
	at org.testng.remote.RemoteTestNG.initAndRun(RemoteTestNG.java:251)
	at org.testng.remote.RemoteTestNG.main(RemoteTestNG.java:77)
</pre></div></td>
<td>55</td>
<td>testcases.Phase@5c5eefef</td></tr>
<tr>
<td title='testcases.Question.addQuestion()'><b>addQuestion</b><br>Test class: testcases.Question</td>
<td><div><pre>java.lang.AssertionError: java.lang.NullPointerException: Cannot invoke &quot;org.openqa.selenium.WebElement.clear()&quot; because &quot;element&quot; is null
	at utils.WebBasePage.enter(WebBasePage.java:81)
	at pageobjects.UserLoginPage.enterUserName(UserLoginPage.java:37)
	at pageobjects.UserLoginPage.forcefulLogOutLogin(UserLoginPage.java:83)
	at Action.LoginAction.logoutLogin(LoginAction.java:25)
	at testcases.Question.addQuestion(Question.java:38)
	at java.base/java.util.ArrayList.forEach(ArrayList.java:1511)
... Removed 28 stack frames</pre></div><a href='#' onClick='toggleBox("stack-trace23101899", this, "Click to show all stack frames", "Click to hide stack frames")'>Click to show all stack frames</a>
<div class='stack-trace' id='stack-trace23101899'><pre>java.lang.AssertionError: java.lang.NullPointerException: Cannot invoke &quot;org.openqa.selenium.WebElement.clear()&quot; because &quot;element&quot; is null
	at org.testng.Assert.fail(Assert.java:99)
	at utils.WebBasePage.enter(WebBasePage.java:81)
	at pageobjects.UserLoginPage.enterUserName(UserLoginPage.java:37)
	at pageobjects.UserLoginPage.forcefulLogOutLogin(UserLoginPage.java:83)
	at Action.LoginAction.logoutLogin(LoginAction.java:25)
	at testcases.Question.addQuestion(Question.java:38)
	at java.base/jdk.internal.reflect.NativeMethodAccessorImpl.invoke0(Native Method)
	at java.base/jdk.internal.reflect.NativeMethodAccessorImpl.invoke(NativeMethodAccessorImpl.java:77)
	at java.base/jdk.internal.reflect.DelegatingMethodAccessorImpl.invoke(DelegatingMethodAccessorImpl.java:43)
	at java.base/java.lang.reflect.Method.invoke(Method.java:568)
	at org.testng.internal.MethodInvocationHelper.invokeMethod(MethodInvocationHelper.java:133)
	at org.testng.internal.TestInvoker.invokeMethod(TestInvoker.java:598)
	at org.testng.internal.TestInvoker.invokeTestMethod(TestInvoker.java:173)
	at org.testng.internal.MethodRunner.runInSequence(MethodRunner.java:46)
	at org.testng.internal.TestInvoker$MethodInvocationAgent.invoke(TestInvoker.java:824)
	at org.testng.internal.TestInvoker.invokeTestMethods(TestInvoker.java:146)
	at org.testng.internal.TestMethodWorker.invokeTestMethods(TestMethodWorker.java:146)
	at org.testng.internal.TestMethodWorker.run(TestMethodWorker.java:128)
	at java.base/java.util.ArrayList.forEach(ArrayList.java:1511)
	at org.testng.TestRunner.privateRun(TestRunner.java:794)
	at org.testng.TestRunner.run(TestRunner.java:596)
	at org.testng.SuiteRunner.runTest(SuiteRunner.java:377)
	at org.testng.SuiteRunner.runSequentially(SuiteRunner.java:371)
	at org.testng.SuiteRunner.privateRun(SuiteRunner.java:332)
	at org.testng.SuiteRunner.run(SuiteRunner.java:276)
	at org.testng.SuiteRunnerWorker.runSuite(SuiteRunnerWorker.java:53)
	at org.testng.SuiteRunnerWorker.run(SuiteRunnerWorker.java:96)
	at org.testng.TestNG.runSuitesSequentially(TestNG.java:1212)
	at org.testng.TestNG.runSuitesLocally(TestNG.java:1134)
	at org.testng.TestNG.runSuites(TestNG.java:1063)
	at org.testng.TestNG.run(TestNG.java:1031)
	at org.testng.remote.AbstractRemoteTestNG.run(AbstractRemoteTestNG.java:115)
	at org.testng.remote.RemoteTestNG.initAndRun(RemoteTestNG.java:251)
	at org.testng.remote.RemoteTestNG.main(RemoteTestNG.java:77)
</pre></div></td>
<td>41</td>
<td>testcases.Question@5158b42f</td></tr>
<tr>
<td title='testcases.ReviewTemplate.editReviewTemplate()'><b>editReviewTemplate</b><br>Test class: testcases.ReviewTemplate</td>
<td><div><pre>java.lang.AssertionError: Full Menu -  element not present
	at utils.WebBasePage.click(WebBasePage.java:126)
	at pageobjects.ReviewTemplatePage.clickFullMenuDropDown(ReviewTemplatePage.java:48)
	at Action.ReviewTemplateAction.goToReviewTemplateTab(ReviewTemplateAction.java:21)
	at testcases.ReviewTemplate.editReviewTemplate(ReviewTemplate.java:43)
	at java.base/java.util.ArrayList.forEach(ArrayList.java:1511)
... Removed 28 stack frames</pre></div><a href='#' onClick='toggleBox("stack-trace1531132143", this, "Click to show all stack frames", "Click to hide stack frames")'>Click to show all stack frames</a>
<div class='stack-trace' id='stack-trace1531132143'><pre>java.lang.AssertionError: Full Menu -  element not present
	at org.testng.Assert.fail(Assert.java:99)
	at utils.WebBasePage.click(WebBasePage.java:126)
	at pageobjects.ReviewTemplatePage.clickFullMenuDropDown(ReviewTemplatePage.java:48)
	at Action.ReviewTemplateAction.goToReviewTemplateTab(ReviewTemplateAction.java:21)
	at testcases.ReviewTemplate.editReviewTemplate(ReviewTemplate.java:43)
	at java.base/jdk.internal.reflect.NativeMethodAccessorImpl.invoke0(Native Method)
	at java.base/jdk.internal.reflect.NativeMethodAccessorImpl.invoke(NativeMethodAccessorImpl.java:77)
	at java.base/jdk.internal.reflect.DelegatingMethodAccessorImpl.invoke(DelegatingMethodAccessorImpl.java:43)
	at java.base/java.lang.reflect.Method.invoke(Method.java:568)
	at org.testng.internal.MethodInvocationHelper.invokeMethod(MethodInvocationHelper.java:133)
	at org.testng.internal.TestInvoker.invokeMethod(TestInvoker.java:598)
	at org.testng.internal.TestInvoker.invokeTestMethod(TestInvoker.java:173)
	at org.testng.internal.MethodRunner.runInSequence(MethodRunner.java:46)
	at org.testng.internal.TestInvoker$MethodInvocationAgent.invoke(TestInvoker.java:824)
	at org.testng.internal.TestInvoker.invokeTestMethods(TestInvoker.java:146)
	at org.testng.internal.TestMethodWorker.invokeTestMethods(TestMethodWorker.java:146)
	at org.testng.internal.TestMethodWorker.run(TestMethodWorker.java:128)
	at java.base/java.util.ArrayList.forEach(ArrayList.java:1511)
	at org.testng.TestRunner.privateRun(TestRunner.java:794)
	at org.testng.TestRunner.run(TestRunner.java:596)
	at org.testng.SuiteRunner.runTest(SuiteRunner.java:377)
	at org.testng.SuiteRunner.runSequentially(SuiteRunner.java:371)
	at org.testng.SuiteRunner.privateRun(SuiteRunner.java:332)
	at org.testng.SuiteRunner.run(SuiteRunner.java:276)
	at org.testng.SuiteRunnerWorker.runSuite(SuiteRunnerWorker.java:53)
	at org.testng.SuiteRunnerWorker.run(SuiteRunnerWorker.java:96)
	at org.testng.TestNG.runSuitesSequentially(TestNG.java:1212)
	at org.testng.TestNG.runSuitesLocally(TestNG.java:1134)
	at org.testng.TestNG.runSuites(TestNG.java:1063)
	at org.testng.TestNG.run(TestNG.java:1031)
	at org.testng.remote.AbstractRemoteTestNG.run(AbstractRemoteTestNG.java:115)
	at org.testng.remote.RemoteTestNG.initAndRun(RemoteTestNG.java:251)
	at org.testng.remote.RemoteTestNG.main(RemoteTestNG.java:77)
</pre></div></td>
<td>128</td>
<td>testcases.ReviewTemplate@595b007d</td></tr>
<tr>
<td title='testcases.Venue.editVenue()'><b>editVenue</b><br>Test class: testcases.Venue</td>
<td><div><pre>java.lang.AssertionError: Full Menu -  element not present
	at utils.WebBasePage.click(WebBasePage.java:126)
	at pageobjects.VenuePage.clickFullMenuDropDown(VenuePage.java:50)
	at Action.VenueAction.goToVenueTab(VenueAction.java:20)
	at testcases.Venue.editVenue(Venue.java:49)
	at java.base/java.util.ArrayList.forEach(ArrayList.java:1511)
... Removed 28 stack frames</pre></div><a href='#' onClick='toggleBox("stack-trace1644333710", this, "Click to show all stack frames", "Click to hide stack frames")'>Click to show all stack frames</a>
<div class='stack-trace' id='stack-trace1644333710'><pre>java.lang.AssertionError: Full Menu -  element not present
	at org.testng.Assert.fail(Assert.java:99)
	at utils.WebBasePage.click(WebBasePage.java:126)
	at pageobjects.VenuePage.clickFullMenuDropDown(VenuePage.java:50)
	at Action.VenueAction.goToVenueTab(VenueAction.java:20)
	at testcases.Venue.editVenue(Venue.java:49)
	at java.base/jdk.internal.reflect.NativeMethodAccessorImpl.invoke0(Native Method)
	at java.base/jdk.internal.reflect.NativeMethodAccessorImpl.invoke(NativeMethodAccessorImpl.java:77)
	at java.base/jdk.internal.reflect.DelegatingMethodAccessorImpl.invoke(DelegatingMethodAccessorImpl.java:43)
	at java.base/java.lang.reflect.Method.invoke(Method.java:568)
	at org.testng.internal.MethodInvocationHelper.invokeMethod(MethodInvocationHelper.java:133)
	at org.testng.internal.TestInvoker.invokeMethod(TestInvoker.java:598)
	at org.testng.internal.TestInvoker.invokeTestMethod(TestInvoker.java:173)
	at org.testng.internal.MethodRunner.runInSequence(MethodRunner.java:46)
	at org.testng.internal.TestInvoker$MethodInvocationAgent.invoke(TestInvoker.java:824)
	at org.testng.internal.TestInvoker.invokeTestMethods(TestInvoker.java:146)
	at org.testng.internal.TestMethodWorker.invokeTestMethods(TestMethodWorker.java:146)
	at org.testng.internal.TestMethodWorker.run(TestMethodWorker.java:128)
	at java.base/java.util.ArrayList.forEach(ArrayList.java:1511)
	at org.testng.TestRunner.privateRun(TestRunner.java:794)
	at org.testng.TestRunner.run(TestRunner.java:596)
	at org.testng.SuiteRunner.runTest(SuiteRunner.java:377)
	at org.testng.SuiteRunner.runSequentially(SuiteRunner.java:371)
	at org.testng.SuiteRunner.privateRun(SuiteRunner.java:332)
	at org.testng.SuiteRunner.run(SuiteRunner.java:276)
	at org.testng.SuiteRunnerWorker.runSuite(SuiteRunnerWorker.java:53)
	at org.testng.SuiteRunnerWorker.run(SuiteRunnerWorker.java:96)
	at org.testng.TestNG.runSuitesSequentially(TestNG.java:1212)
	at org.testng.TestNG.runSuitesLocally(TestNG.java:1134)
	at org.testng.TestNG.runSuites(TestNG.java:1063)
	at org.testng.TestNG.run(TestNG.java:1031)
	at org.testng.remote.AbstractRemoteTestNG.run(AbstractRemoteTestNG.java:115)
	at org.testng.remote.RemoteTestNG.initAndRun(RemoteTestNG.java:251)
	at org.testng.remote.RemoteTestNG.main(RemoteTestNG.java:77)
</pre></div></td>
<td>130</td>
<td>testcases.Venue@36bc55de</td></tr>
<tr>
<td title='testcases.Phase.editPhase()'><b>editPhase</b><br>Test class: testcases.Phase</td>
<td><div><pre>java.lang.AssertionError: java.lang.IllegalArgumentException: Keys to send should be a not null CharSequence
	at utils.WebBasePage.enter(WebBasePage.java:81)
	at pageobjects.PhasePage.enterSearchText(PhasePage.java:148)
	at Action.PhaseAction.editCreatedPhase(PhaseAction.java:55)
	at testcases.Phase.editPhase(Phase.java:45)
	at java.base/java.util.ArrayList.forEach(ArrayList.java:1511)
... Removed 28 stack frames</pre></div><a href='#' onClick='toggleBox("stack-trace222340463", this, "Click to show all stack frames", "Click to hide stack frames")'>Click to show all stack frames</a>
<div class='stack-trace' id='stack-trace222340463'><pre>java.lang.AssertionError: java.lang.IllegalArgumentException: Keys to send should be a not null CharSequence
	at org.testng.Assert.fail(Assert.java:99)
	at utils.WebBasePage.enter(WebBasePage.java:81)
	at pageobjects.PhasePage.enterSearchText(PhasePage.java:148)
	at Action.PhaseAction.editCreatedPhase(PhaseAction.java:55)
	at testcases.Phase.editPhase(Phase.java:45)
	at java.base/jdk.internal.reflect.NativeMethodAccessorImpl.invoke0(Native Method)
	at java.base/jdk.internal.reflect.NativeMethodAccessorImpl.invoke(NativeMethodAccessorImpl.java:77)
	at java.base/jdk.internal.reflect.DelegatingMethodAccessorImpl.invoke(DelegatingMethodAccessorImpl.java:43)
	at java.base/java.lang.reflect.Method.invoke(Method.java:568)
	at org.testng.internal.MethodInvocationHelper.invokeMethod(MethodInvocationHelper.java:133)
	at org.testng.internal.TestInvoker.invokeMethod(TestInvoker.java:598)
	at org.testng.internal.TestInvoker.invokeTestMethod(TestInvoker.java:173)
	at org.testng.internal.MethodRunner.runInSequence(MethodRunner.java:46)
	at org.testng.internal.TestInvoker$MethodInvocationAgent.invoke(TestInvoker.java:824)
	at org.testng.internal.TestInvoker.invokeTestMethods(TestInvoker.java:146)
	at org.testng.internal.TestMethodWorker.invokeTestMethods(TestMethodWorker.java:146)
	at org.testng.internal.TestMethodWorker.run(TestMethodWorker.java:128)
	at java.base/java.util.ArrayList.forEach(ArrayList.java:1511)
	at org.testng.TestRunner.privateRun(TestRunner.java:794)
	at org.testng.TestRunner.run(TestRunner.java:596)
	at org.testng.SuiteRunner.runTest(SuiteRunner.java:377)
	at org.testng.SuiteRunner.runSequentially(SuiteRunner.java:371)
	at org.testng.SuiteRunner.privateRun(SuiteRunner.java:332)
	at org.testng.SuiteRunner.run(SuiteRunner.java:276)
	at org.testng.SuiteRunnerWorker.runSuite(SuiteRunnerWorker.java:53)
	at org.testng.SuiteRunnerWorker.run(SuiteRunnerWorker.java:96)
	at org.testng.TestNG.runSuitesSequentially(TestNG.java:1212)
	at org.testng.TestNG.runSuitesLocally(TestNG.java:1134)
	at org.testng.TestNG.runSuites(TestNG.java:1063)
	at org.testng.TestNG.run(TestNG.java:1031)
	at org.testng.remote.AbstractRemoteTestNG.run(AbstractRemoteTestNG.java:115)
	at org.testng.remote.RemoteTestNG.initAndRun(RemoteTestNG.java:251)
	at org.testng.remote.RemoteTestNG.main(RemoteTestNG.java:77)
</pre></div></td>
<td>28</td>
<td>testcases.Phase@5c5eefef</td></tr>
<tr>
<td title='testcases.Stage.StageListing()'><b>StageListing</b><br>Test class: testcases.Stage</td>
<td><div><pre>java.lang.AssertionError: java.lang.NullPointerException: Cannot invoke &quot;org.openqa.selenium.WebElement.clear()&quot; because &quot;element&quot; is null
	at utils.WebBasePage.enter(WebBasePage.java:81)
	at pageobjects.UserLoginPage.enterUserName(UserLoginPage.java:37)
	at pageobjects.UserLoginPage.forcefulLogOutLogin(UserLoginPage.java:83)
	at Action.LoginAction.logoutLogin(LoginAction.java:25)
	at testcases.Stage.StageListing(Stage.java:62)
	at java.base/java.util.ArrayList.forEach(ArrayList.java:1511)
... Removed 28 stack frames</pre></div><a href='#' onClick='toggleBox("stack-trace1998885462", this, "Click to show all stack frames", "Click to hide stack frames")'>Click to show all stack frames</a>
<div class='stack-trace' id='stack-trace1998885462'><pre>java.lang.AssertionError: java.lang.NullPointerException: Cannot invoke &quot;org.openqa.selenium.WebElement.clear()&quot; because &quot;element&quot; is null
	at org.testng.Assert.fail(Assert.java:99)
	at utils.WebBasePage.enter(WebBasePage.java:81)
	at pageobjects.UserLoginPage.enterUserName(UserLoginPage.java:37)
	at pageobjects.UserLoginPage.forcefulLogOutLogin(UserLoginPage.java:83)
	at Action.LoginAction.logoutLogin(LoginAction.java:25)
	at testcases.Stage.StageListing(Stage.java:62)
	at java.base/jdk.internal.reflect.NativeMethodAccessorImpl.invoke0(Native Method)
	at java.base/jdk.internal.reflect.NativeMethodAccessorImpl.invoke(NativeMethodAccessorImpl.java:77)
	at java.base/jdk.internal.reflect.DelegatingMethodAccessorImpl.invoke(DelegatingMethodAccessorImpl.java:43)
	at java.base/java.lang.reflect.Method.invoke(Method.java:568)
	at org.testng.internal.MethodInvocationHelper.invokeMethod(MethodInvocationHelper.java:133)
	at org.testng.internal.TestInvoker.invokeMethod(TestInvoker.java:598)
	at org.testng.internal.TestInvoker.invokeTestMethod(TestInvoker.java:173)
	at org.testng.internal.MethodRunner.runInSequence(MethodRunner.java:46)
	at org.testng.internal.TestInvoker$MethodInvocationAgent.invoke(TestInvoker.java:824)
	at org.testng.internal.TestInvoker.invokeTestMethods(TestInvoker.java:146)
	at org.testng.internal.TestMethodWorker.invokeTestMethods(TestMethodWorker.java:146)
	at org.testng.internal.TestMethodWorker.run(TestMethodWorker.java:128)
	at java.base/java.util.ArrayList.forEach(ArrayList.java:1511)
	at org.testng.TestRunner.privateRun(TestRunner.java:794)
	at org.testng.TestRunner.run(TestRunner.java:596)
	at org.testng.SuiteRunner.runTest(SuiteRunner.java:377)
	at org.testng.SuiteRunner.runSequentially(SuiteRunner.java:371)
	at org.testng.SuiteRunner.privateRun(SuiteRunner.java:332)
	at org.testng.SuiteRunner.run(SuiteRunner.java:276)
	at org.testng.SuiteRunnerWorker.runSuite(SuiteRunnerWorker.java:53)
	at org.testng.SuiteRunnerWorker.run(SuiteRunnerWorker.java:96)
	at org.testng.TestNG.runSuitesSequentially(TestNG.java:1212)
	at org.testng.TestNG.runSuitesLocally(TestNG.java:1134)
	at org.testng.TestNG.runSuites(TestNG.java:1063)
	at org.testng.TestNG.run(TestNG.java:1031)
	at org.testng.remote.AbstractRemoteTestNG.run(AbstractRemoteTestNG.java:115)
	at org.testng.remote.RemoteTestNG.initAndRun(RemoteTestNG.java:251)
	at org.testng.remote.RemoteTestNG.main(RemoteTestNG.java:77)
</pre></div></td>
<td>43</td>
<td>testcases.Stage@38c6f217</td></tr>
<tr>
<td title='testcases.Service.editService()'><b>editService</b><br>Test class: testcases.Service</td>
<td><div><pre>java.lang.AssertionError: java.lang.NullPointerException: Cannot invoke &quot;org.openqa.selenium.WebElement.clear()&quot; because &quot;element&quot; is null
	at utils.WebBasePage.enter(WebBasePage.java:81)
	at pageobjects.UserLoginPage.enterUserName(UserLoginPage.java:37)
	at pageobjects.UserLoginPage.forcefulLogOutLogin(UserLoginPage.java:83)
	at Action.LoginAction.logoutLogin(LoginAction.java:25)
	at testcases.Service.editService(Service.java:48)
	at java.base/java.util.ArrayList.forEach(ArrayList.java:1511)
... Removed 28 stack frames</pre></div><a href='#' onClick='toggleBox("stack-trace388643708", this, "Click to show all stack frames", "Click to hide stack frames")'>Click to show all stack frames</a>
<div class='stack-trace' id='stack-trace388643708'><pre>java.lang.AssertionError: java.lang.NullPointerException: Cannot invoke &quot;org.openqa.selenium.WebElement.clear()&quot; because &quot;element&quot; is null
	at org.testng.Assert.fail(Assert.java:99)
	at utils.WebBasePage.enter(WebBasePage.java:81)
	at pageobjects.UserLoginPage.enterUserName(UserLoginPage.java:37)
	at pageobjects.UserLoginPage.forcefulLogOutLogin(UserLoginPage.java:83)
	at Action.LoginAction.logoutLogin(LoginAction.java:25)
	at testcases.Service.editService(Service.java:48)
	at java.base/jdk.internal.reflect.NativeMethodAccessorImpl.invoke0(Native Method)
	at java.base/jdk.internal.reflect.NativeMethodAccessorImpl.invoke(NativeMethodAccessorImpl.java:77)
	at java.base/jdk.internal.reflect.DelegatingMethodAccessorImpl.invoke(DelegatingMethodAccessorImpl.java:43)
	at java.base/java.lang.reflect.Method.invoke(Method.java:568)
	at org.testng.internal.MethodInvocationHelper.invokeMethod(MethodInvocationHelper.java:133)
	at org.testng.internal.TestInvoker.invokeMethod(TestInvoker.java:598)
	at org.testng.internal.TestInvoker.invokeTestMethod(TestInvoker.java:173)
	at org.testng.internal.MethodRunner.runInSequence(MethodRunner.java:46)
	at org.testng.internal.TestInvoker$MethodInvocationAgent.invoke(TestInvoker.java:824)
	at org.testng.internal.TestInvoker.invokeTestMethods(TestInvoker.java:146)
	at org.testng.internal.TestMethodWorker.invokeTestMethods(TestMethodWorker.java:146)
	at org.testng.internal.TestMethodWorker.run(TestMethodWorker.java:128)
	at java.base/java.util.ArrayList.forEach(ArrayList.java:1511)
	at org.testng.TestRunner.privateRun(TestRunner.java:794)
	at org.testng.TestRunner.run(TestRunner.java:596)
	at org.testng.SuiteRunner.runTest(SuiteRunner.java:377)
	at org.testng.SuiteRunner.runSequentially(SuiteRunner.java:371)
	at org.testng.SuiteRunner.privateRun(SuiteRunner.java:332)
	at org.testng.SuiteRunner.run(SuiteRunner.java:276)
	at org.testng.SuiteRunnerWorker.runSuite(SuiteRunnerWorker.java:53)
	at org.testng.SuiteRunnerWorker.run(SuiteRunnerWorker.java:96)
	at org.testng.TestNG.runSuitesSequentially(TestNG.java:1212)
	at org.testng.TestNG.runSuitesLocally(TestNG.java:1134)
	at org.testng.TestNG.runSuites(TestNG.java:1063)
	at org.testng.TestNG.run(TestNG.java:1031)
	at org.testng.remote.AbstractRemoteTestNG.run(AbstractRemoteTestNG.java:115)
	at org.testng.remote.RemoteTestNG.initAndRun(RemoteTestNG.java:251)
	at org.testng.remote.RemoteTestNG.main(RemoteTestNG.java:77)
</pre></div></td>
<td>45</td>
<td>testcases.Service@72d1ad2e</td></tr>
<tr>
<td title='testcases.Question.editQuestion()'><b>editQuestion</b><br>Test class: testcases.Question</td>
<td><div><pre>java.lang.AssertionError: java.lang.IllegalArgumentException: Keys to send should be a not null CharSequence
	at utils.WebBasePage.enter(WebBasePage.java:81)
	at pageobjects.QuestionPage.enterSearchText(QuestionPage.java:161)
	at Action.QuestionAction.editCreatedQuestion(QuestionAction.java:51)
	at testcases.Question.editQuestion(Question.java:50)
	at java.base/java.util.ArrayList.forEach(ArrayList.java:1511)
... Removed 28 stack frames</pre></div><a href='#' onClick='toggleBox("stack-trace30599977", this, "Click to show all stack frames", "Click to hide stack frames")'>Click to show all stack frames</a>
<div class='stack-trace' id='stack-trace30599977'><pre>java.lang.AssertionError: java.lang.IllegalArgumentException: Keys to send should be a not null CharSequence
	at org.testng.Assert.fail(Assert.java:99)
	at utils.WebBasePage.enter(WebBasePage.java:81)
	at pageobjects.QuestionPage.enterSearchText(QuestionPage.java:161)
	at Action.QuestionAction.editCreatedQuestion(QuestionAction.java:51)
	at testcases.Question.editQuestion(Question.java:50)
	at java.base/jdk.internal.reflect.NativeMethodAccessorImpl.invoke0(Native Method)
	at java.base/jdk.internal.reflect.NativeMethodAccessorImpl.invoke(NativeMethodAccessorImpl.java:77)
	at java.base/jdk.internal.reflect.DelegatingMethodAccessorImpl.invoke(DelegatingMethodAccessorImpl.java:43)
	at java.base/java.lang.reflect.Method.invoke(Method.java:568)
	at org.testng.internal.MethodInvocationHelper.invokeMethod(MethodInvocationHelper.java:133)
	at org.testng.internal.TestInvoker.invokeMethod(TestInvoker.java:598)
	at org.testng.internal.TestInvoker.invokeTestMethod(TestInvoker.java:173)
	at org.testng.internal.MethodRunner.runInSequence(MethodRunner.java:46)
	at org.testng.internal.TestInvoker$MethodInvocationAgent.invoke(TestInvoker.java:824)
	at org.testng.internal.TestInvoker.invokeTestMethods(TestInvoker.java:146)
	at org.testng.internal.TestMethodWorker.invokeTestMethods(TestMethodWorker.java:146)
	at org.testng.internal.TestMethodWorker.run(TestMethodWorker.java:128)
	at java.base/java.util.ArrayList.forEach(ArrayList.java:1511)
	at org.testng.TestRunner.privateRun(TestRunner.java:794)
	at org.testng.TestRunner.run(TestRunner.java:596)
	at org.testng.SuiteRunner.runTest(SuiteRunner.java:377)
	at org.testng.SuiteRunner.runSequentially(SuiteRunner.java:371)
	at org.testng.SuiteRunner.privateRun(SuiteRunner.java:332)
	at org.testng.SuiteRunner.run(SuiteRunner.java:276)
	at org.testng.SuiteRunnerWorker.runSuite(SuiteRunnerWorker.java:53)
	at org.testng.SuiteRunnerWorker.run(SuiteRunnerWorker.java:96)
	at org.testng.TestNG.runSuitesSequentially(TestNG.java:1212)
	at org.testng.TestNG.runSuitesLocally(TestNG.java:1134)
	at org.testng.TestNG.runSuites(TestNG.java:1063)
	at org.testng.TestNG.run(TestNG.java:1031)
	at org.testng.remote.AbstractRemoteTestNG.run(AbstractRemoteTestNG.java:115)
	at org.testng.remote.RemoteTestNG.initAndRun(RemoteTestNG.java:251)
	at org.testng.remote.RemoteTestNG.main(RemoteTestNG.java:77)
</pre></div></td>
<td>34</td>
<td>testcases.Question@5158b42f</td></tr>
<tr>
<td title='testcases.ReviewTemplate.addReviewTemplate()'><b>addReviewTemplate</b><br>Test class: testcases.ReviewTemplate</td>
<td><div><pre>java.lang.AssertionError: Full Menu -  element not present
	at utils.WebBasePage.click(WebBasePage.java:126)
	at pageobjects.ReviewTemplatePage.clickFullMenuDropDown(ReviewTemplatePage.java:48)
	at Action.ReviewTemplateAction.goToReviewTemplateTab(ReviewTemplateAction.java:21)
	at testcases.ReviewTemplate.addReviewTemplate(ReviewTemplate.java:31)
	at java.base/java.util.ArrayList.forEach(ArrayList.java:1511)
... Removed 28 stack frames</pre></div><a href='#' onClick='toggleBox("stack-trace585562970", this, "Click to show all stack frames", "Click to hide stack frames")'>Click to show all stack frames</a>
<div class='stack-trace' id='stack-trace585562970'><pre>java.lang.AssertionError: Full Menu -  element not present
	at org.testng.Assert.fail(Assert.java:99)
	at utils.WebBasePage.click(WebBasePage.java:126)
	at pageobjects.ReviewTemplatePage.clickFullMenuDropDown(ReviewTemplatePage.java:48)
	at Action.ReviewTemplateAction.goToReviewTemplateTab(ReviewTemplateAction.java:21)
	at testcases.ReviewTemplate.addReviewTemplate(ReviewTemplate.java:31)
	at java.base/jdk.internal.reflect.NativeMethodAccessorImpl.invoke0(Native Method)
	at java.base/jdk.internal.reflect.NativeMethodAccessorImpl.invoke(NativeMethodAccessorImpl.java:77)
	at java.base/jdk.internal.reflect.DelegatingMethodAccessorImpl.invoke(DelegatingMethodAccessorImpl.java:43)
	at java.base/java.lang.reflect.Method.invoke(Method.java:568)
	at org.testng.internal.MethodInvocationHelper.invokeMethod(MethodInvocationHelper.java:133)
	at org.testng.internal.TestInvoker.invokeMethod(TestInvoker.java:598)
	at org.testng.internal.TestInvoker.invokeTestMethod(TestInvoker.java:173)
	at org.testng.internal.MethodRunner.runInSequence(MethodRunner.java:46)
	at org.testng.internal.TestInvoker$MethodInvocationAgent.invoke(TestInvoker.java:824)
	at org.testng.internal.TestInvoker.invokeTestMethods(TestInvoker.java:146)
	at org.testng.internal.TestMethodWorker.invokeTestMethods(TestMethodWorker.java:146)
	at org.testng.internal.TestMethodWorker.run(TestMethodWorker.java:128)
	at java.base/java.util.ArrayList.forEach(ArrayList.java:1511)
	at org.testng.TestRunner.privateRun(TestRunner.java:794)
	at org.testng.TestRunner.run(TestRunner.java:596)
	at org.testng.SuiteRunner.runTest(SuiteRunner.java:377)
	at org.testng.SuiteRunner.runSequentially(SuiteRunner.java:371)
	at org.testng.SuiteRunner.privateRun(SuiteRunner.java:332)
	at org.testng.SuiteRunner.run(SuiteRunner.java:276)
	at org.testng.SuiteRunnerWorker.runSuite(SuiteRunnerWorker.java:53)
	at org.testng.SuiteRunnerWorker.run(SuiteRunnerWorker.java:96)
	at org.testng.TestNG.runSuitesSequentially(TestNG.java:1212)
	at org.testng.TestNG.runSuitesLocally(TestNG.java:1134)
	at org.testng.TestNG.runSuites(TestNG.java:1063)
	at org.testng.TestNG.run(TestNG.java:1031)
	at org.testng.remote.AbstractRemoteTestNG.run(AbstractRemoteTestNG.java:115)
	at org.testng.remote.RemoteTestNG.initAndRun(RemoteTestNG.java:251)
	at org.testng.remote.RemoteTestNG.main(RemoteTestNG.java:77)
</pre></div></td>
<td>91</td>
<td>testcases.ReviewTemplate@595b007d</td></tr>
<tr>
<td title='testcases.Question.priorityListing()'><b>priorityListing</b><br>Test class: testcases.Question</td>
<td><div><pre>java.lang.AssertionError: java.lang.IllegalArgumentException: Keys to send should be a not null CharSequence
	at utils.WebBasePage.enter(WebBasePage.java:81)
	at pageobjects.QuestionPage.enterSearchText(QuestionPage.java:161)
	at Action.QuestionAction.ActiveStatus(QuestionAction.java:64)
	at testcases.Question.priorityListing(Question.java:62)
	at java.base/java.util.ArrayList.forEach(ArrayList.java:1511)
... Removed 28 stack frames</pre></div><a href='#' onClick='toggleBox("stack-trace1393859400", this, "Click to show all stack frames", "Click to hide stack frames")'>Click to show all stack frames</a>
<div class='stack-trace' id='stack-trace1393859400'><pre>java.lang.AssertionError: java.lang.IllegalArgumentException: Keys to send should be a not null CharSequence
	at org.testng.Assert.fail(Assert.java:99)
	at utils.WebBasePage.enter(WebBasePage.java:81)
	at pageobjects.QuestionPage.enterSearchText(QuestionPage.java:161)
	at Action.QuestionAction.ActiveStatus(QuestionAction.java:64)
	at testcases.Question.priorityListing(Question.java:62)
	at java.base/jdk.internal.reflect.NativeMethodAccessorImpl.invoke0(Native Method)
	at java.base/jdk.internal.reflect.NativeMethodAccessorImpl.invoke(NativeMethodAccessorImpl.java:77)
	at java.base/jdk.internal.reflect.DelegatingMethodAccessorImpl.invoke(DelegatingMethodAccessorImpl.java:43)
	at java.base/java.lang.reflect.Method.invoke(Method.java:568)
	at org.testng.internal.MethodInvocationHelper.invokeMethod(MethodInvocationHelper.java:133)
	at org.testng.internal.TestInvoker.invokeMethod(TestInvoker.java:598)
	at org.testng.internal.TestInvoker.invokeTestMethod(TestInvoker.java:173)
	at org.testng.internal.MethodRunner.runInSequence(MethodRunner.java:46)
	at org.testng.internal.TestInvoker$MethodInvocationAgent.invoke(TestInvoker.java:824)
	at org.testng.internal.TestInvoker.invokeTestMethods(TestInvoker.java:146)
	at org.testng.internal.TestMethodWorker.invokeTestMethods(TestMethodWorker.java:146)
	at org.testng.internal.TestMethodWorker.run(TestMethodWorker.java:128)
	at java.base/java.util.ArrayList.forEach(ArrayList.java:1511)
	at org.testng.TestRunner.privateRun(TestRunner.java:794)
	at org.testng.TestRunner.run(TestRunner.java:596)
	at org.testng.SuiteRunner.runTest(SuiteRunner.java:377)
	at org.testng.SuiteRunner.runSequentially(SuiteRunner.java:371)
	at org.testng.SuiteRunner.privateRun(SuiteRunner.java:332)
	at org.testng.SuiteRunner.run(SuiteRunner.java:276)
	at org.testng.SuiteRunnerWorker.runSuite(SuiteRunnerWorker.java:53)
	at org.testng.SuiteRunnerWorker.run(SuiteRunnerWorker.java:96)
	at org.testng.TestNG.runSuitesSequentially(TestNG.java:1212)
	at org.testng.TestNG.runSuitesLocally(TestNG.java:1134)
	at org.testng.TestNG.runSuites(TestNG.java:1063)
	at org.testng.TestNG.run(TestNG.java:1031)
	at org.testng.remote.AbstractRemoteTestNG.run(AbstractRemoteTestNG.java:115)
	at org.testng.remote.RemoteTestNG.initAndRun(RemoteTestNG.java:251)
	at org.testng.remote.RemoteTestNG.main(RemoteTestNG.java:77)
</pre></div></td>
<td>49</td>
<td>testcases.Question@5158b42f</td></tr>
<tr>
<td title='testcases.ReviewTemplate.validationCheck()'><b>validationCheck</b><br>Test class: testcases.ReviewTemplate</td>
<td><div><pre>java.lang.AssertionError: Full Menu -  element not present
	at utils.WebBasePage.click(WebBasePage.java:126)
	at pageobjects.ReviewTemplatePage.clickFullMenuDropDown(ReviewTemplatePage.java:48)
	at Action.ReviewTemplateAction.goToReviewTemplateTab(ReviewTemplateAction.java:21)
	at testcases.ReviewTemplate.validationCheck(ReviewTemplate.java:20)
	at java.base/java.util.ArrayList.forEach(ArrayList.java:1511)
... Removed 28 stack frames</pre></div><a href='#' onClick='toggleBox("stack-trace1037798373", this, "Click to show all stack frames", "Click to hide stack frames")'>Click to show all stack frames</a>
<div class='stack-trace' id='stack-trace1037798373'><pre>java.lang.AssertionError: Full Menu -  element not present
	at org.testng.Assert.fail(Assert.java:99)
	at utils.WebBasePage.click(WebBasePage.java:126)
	at pageobjects.ReviewTemplatePage.clickFullMenuDropDown(ReviewTemplatePage.java:48)
	at Action.ReviewTemplateAction.goToReviewTemplateTab(ReviewTemplateAction.java:21)
	at testcases.ReviewTemplate.validationCheck(ReviewTemplate.java:20)
	at java.base/jdk.internal.reflect.NativeMethodAccessorImpl.invoke0(Native Method)
	at java.base/jdk.internal.reflect.NativeMethodAccessorImpl.invoke(NativeMethodAccessorImpl.java:77)
	at java.base/jdk.internal.reflect.DelegatingMethodAccessorImpl.invoke(DelegatingMethodAccessorImpl.java:43)
	at java.base/java.lang.reflect.Method.invoke(Method.java:568)
	at org.testng.internal.MethodInvocationHelper.invokeMethod(MethodInvocationHelper.java:133)
	at org.testng.internal.TestInvoker.invokeMethod(TestInvoker.java:598)
	at org.testng.internal.TestInvoker.invokeTestMethod(TestInvoker.java:173)
	at org.testng.internal.MethodRunner.runInSequence(MethodRunner.java:46)
	at org.testng.internal.TestInvoker$MethodInvocationAgent.invoke(TestInvoker.java:824)
	at org.testng.internal.TestInvoker.invokeTestMethods(TestInvoker.java:146)
	at org.testng.internal.TestMethodWorker.invokeTestMethods(TestMethodWorker.java:146)
	at org.testng.internal.TestMethodWorker.run(TestMethodWorker.java:128)
	at java.base/java.util.ArrayList.forEach(ArrayList.java:1511)
	at org.testng.TestRunner.privateRun(TestRunner.java:794)
	at org.testng.TestRunner.run(TestRunner.java:596)
	at org.testng.SuiteRunner.runTest(SuiteRunner.java:377)
	at org.testng.SuiteRunner.runSequentially(SuiteRunner.java:371)
	at org.testng.SuiteRunner.privateRun(SuiteRunner.java:332)
	at org.testng.SuiteRunner.run(SuiteRunner.java:276)
	at org.testng.SuiteRunnerWorker.runSuite(SuiteRunnerWorker.java:53)
	at org.testng.SuiteRunnerWorker.run(SuiteRunnerWorker.java:96)
	at org.testng.TestNG.runSuitesSequentially(TestNG.java:1212)
	at org.testng.TestNG.runSuitesLocally(TestNG.java:1134)
	at org.testng.TestNG.runSuites(TestNG.java:1063)
	at org.testng.TestNG.run(TestNG.java:1031)
	at org.testng.remote.AbstractRemoteTestNG.run(AbstractRemoteTestNG.java:115)
	at org.testng.remote.RemoteTestNG.initAndRun(RemoteTestNG.java:251)
	at org.testng.remote.RemoteTestNG.main(RemoteTestNG.java:77)
</pre></div></td>
<td>67</td>
<td>testcases.ReviewTemplate@595b007d</td></tr>
<tr>
<td title='testcases.Venue.deleteVenue()'><b>deleteVenue</b><br>Test class: testcases.Venue</td>
<td><div><pre>java.lang.AssertionError: Full Menu -  element not present
	at utils.WebBasePage.click(WebBasePage.java:126)
	at pageobjects.VenuePage.clickFullMenuDropDown(VenuePage.java:50)
	at Action.VenueAction.goToVenueTab(VenueAction.java:20)
	at testcases.Venue.deleteVenue(Venue.java:73)
	at java.base/java.util.ArrayList.forEach(ArrayList.java:1511)
... Removed 28 stack frames</pre></div><a href='#' onClick='toggleBox("stack-trace1505737537", this, "Click to show all stack frames", "Click to hide stack frames")'>Click to show all stack frames</a>
<div class='stack-trace' id='stack-trace1505737537'><pre>java.lang.AssertionError: Full Menu -  element not present
	at org.testng.Assert.fail(Assert.java:99)
	at utils.WebBasePage.click(WebBasePage.java:126)
	at pageobjects.VenuePage.clickFullMenuDropDown(VenuePage.java:50)
	at Action.VenueAction.goToVenueTab(VenueAction.java:20)
	at testcases.Venue.deleteVenue(Venue.java:73)
	at java.base/jdk.internal.reflect.NativeMethodAccessorImpl.invoke0(Native Method)
	at java.base/jdk.internal.reflect.NativeMethodAccessorImpl.invoke(NativeMethodAccessorImpl.java:77)
	at java.base/jdk.internal.reflect.DelegatingMethodAccessorImpl.invoke(DelegatingMethodAccessorImpl.java:43)
	at java.base/java.lang.reflect.Method.invoke(Method.java:568)
	at org.testng.internal.MethodInvocationHelper.invokeMethod(MethodInvocationHelper.java:133)
	at org.testng.internal.TestInvoker.invokeMethod(TestInvoker.java:598)
	at org.testng.internal.TestInvoker.invokeTestMethod(TestInvoker.java:173)
	at org.testng.internal.MethodRunner.runInSequence(MethodRunner.java:46)
	at org.testng.internal.TestInvoker$MethodInvocationAgent.invoke(TestInvoker.java:824)
	at org.testng.internal.TestInvoker.invokeTestMethods(TestInvoker.java:146)
	at org.testng.internal.TestMethodWorker.invokeTestMethods(TestMethodWorker.java:146)
	at org.testng.internal.TestMethodWorker.run(TestMethodWorker.java:128)
	at java.base/java.util.ArrayList.forEach(ArrayList.java:1511)
	at org.testng.TestRunner.privateRun(TestRunner.java:794)
	at org.testng.TestRunner.run(TestRunner.java:596)
	at org.testng.SuiteRunner.runTest(SuiteRunner.java:377)
	at org.testng.SuiteRunner.runSequentially(SuiteRunner.java:371)
	at org.testng.SuiteRunner.privateRun(SuiteRunner.java:332)
	at org.testng.SuiteRunner.run(SuiteRunner.java:276)
	at org.testng.SuiteRunnerWorker.runSuite(SuiteRunnerWorker.java:53)
	at org.testng.SuiteRunnerWorker.run(SuiteRunnerWorker.java:96)
	at org.testng.TestNG.runSuitesSequentially(TestNG.java:1212)
	at org.testng.TestNG.runSuitesLocally(TestNG.java:1134)
	at org.testng.TestNG.runSuites(TestNG.java:1063)
	at org.testng.TestNG.run(TestNG.java:1031)
	at org.testng.remote.AbstractRemoteTestNG.run(AbstractRemoteTestNG.java:115)
	at org.testng.remote.RemoteTestNG.initAndRun(RemoteTestNG.java:251)
	at org.testng.remote.RemoteTestNG.main(RemoteTestNG.java:77)
</pre></div></td>
<td>72</td>
<td>testcases.Venue@36bc55de</td></tr>
<tr>
<td title='testcases.Phase.addPhase()'><b>addPhase</b><br>Test class: testcases.Phase</td>
<td><div><pre>java.lang.AssertionError: java.lang.NullPointerException: Cannot invoke &quot;org.openqa.selenium.WebElement.clear()&quot; because &quot;element&quot; is null
	at utils.WebBasePage.enter(WebBasePage.java:81)
	at pageobjects.UserLoginPage.enterUserName(UserLoginPage.java:37)
	at pageobjects.UserLoginPage.forcefulLogOutLogin(UserLoginPage.java:83)
	at Action.LoginAction.logoutLogin(LoginAction.java:25)
	at testcases.Phase.addPhase(Phase.java:33)
	at java.base/java.util.ArrayList.forEach(ArrayList.java:1511)
... Removed 28 stack frames</pre></div><a href='#' onClick='toggleBox("stack-trace508778252", this, "Click to show all stack frames", "Click to hide stack frames")'>Click to show all stack frames</a>
<div class='stack-trace' id='stack-trace508778252'><pre>java.lang.AssertionError: java.lang.NullPointerException: Cannot invoke &quot;org.openqa.selenium.WebElement.clear()&quot; because &quot;element&quot; is null
	at org.testng.Assert.fail(Assert.java:99)
	at utils.WebBasePage.enter(WebBasePage.java:81)
	at pageobjects.UserLoginPage.enterUserName(UserLoginPage.java:37)
	at pageobjects.UserLoginPage.forcefulLogOutLogin(UserLoginPage.java:83)
	at Action.LoginAction.logoutLogin(LoginAction.java:25)
	at testcases.Phase.addPhase(Phase.java:33)
	at java.base/jdk.internal.reflect.NativeMethodAccessorImpl.invoke0(Native Method)
	at java.base/jdk.internal.reflect.NativeMethodAccessorImpl.invoke(NativeMethodAccessorImpl.java:77)
	at java.base/jdk.internal.reflect.DelegatingMethodAccessorImpl.invoke(DelegatingMethodAccessorImpl.java:43)
	at java.base/java.lang.reflect.Method.invoke(Method.java:568)
	at org.testng.internal.MethodInvocationHelper.invokeMethod(MethodInvocationHelper.java:133)
	at org.testng.internal.TestInvoker.invokeMethod(TestInvoker.java:598)
	at org.testng.internal.TestInvoker.invokeTestMethod(TestInvoker.java:173)
	at org.testng.internal.MethodRunner.runInSequence(MethodRunner.java:46)
	at org.testng.internal.TestInvoker$MethodInvocationAgent.invoke(TestInvoker.java:824)
	at org.testng.internal.TestInvoker.invokeTestMethods(TestInvoker.java:146)
	at org.testng.internal.TestMethodWorker.invokeTestMethods(TestMethodWorker.java:146)
	at org.testng.internal.TestMethodWorker.run(TestMethodWorker.java:128)
	at java.base/java.util.ArrayList.forEach(ArrayList.java:1511)
	at org.testng.TestRunner.privateRun(TestRunner.java:794)
	at org.testng.TestRunner.run(TestRunner.java:596)
	at org.testng.SuiteRunner.runTest(SuiteRunner.java:377)
	at org.testng.SuiteRunner.runSequentially(SuiteRunner.java:371)
	at org.testng.SuiteRunner.privateRun(SuiteRunner.java:332)
	at org.testng.SuiteRunner.run(SuiteRunner.java:276)
	at org.testng.SuiteRunnerWorker.runSuite(SuiteRunnerWorker.java:53)
	at org.testng.SuiteRunnerWorker.run(SuiteRunnerWorker.java:96)
	at org.testng.TestNG.runSuitesSequentially(TestNG.java:1212)
	at org.testng.TestNG.runSuitesLocally(TestNG.java:1134)
	at org.testng.TestNG.runSuites(TestNG.java:1063)
	at org.testng.TestNG.run(TestNG.java:1031)
	at org.testng.remote.AbstractRemoteTestNG.run(AbstractRemoteTestNG.java:115)
	at org.testng.remote.RemoteTestNG.initAndRun(RemoteTestNG.java:251)
	at org.testng.remote.RemoteTestNG.main(RemoteTestNG.java:77)
</pre></div></td>
<td>59</td>
<td>testcases.Phase@5c5eefef</td></tr>
</table><p>
<table width='100%' border='1' class='invocation-passed'>
<tr><td colspan='4' align='center'><b>PASSED TESTS</b></td></tr>
<tr><td><b>Test method</b></td>
<td width="30%"><b>Exception</b></td>
<td width="10%"><b>Time (seconds)</b></td>
<td><b>Instance</b></td>
</tr>
<tr>
<td title='testcases.Status.StatusListing()'><b>StatusListing</b><br>Test class: testcases.Status</td>
<td></td>
<td>74</td>
<td>testcases.Status@478190fc</td></tr>
<tr>
<td title='testcases.TaxAndDiscount.AddTaxAndDiscount()'><b>AddTaxAndDiscount</b><br>Test class: testcases.TaxAndDiscount</td>
<td></td>
<td>57</td>
<td>testcases.TaxAndDiscount@79e2c065</td></tr>
<tr>
<td title='testcases.Trip.TripListing()'><b>TripListing</b><br>Test class: testcases.Trip</td>
<td></td>
<td>76</td>
<td>testcases.Trip@7e07db1f</td></tr>
<tr>
<td title='testcases.Channel.channellisting()'><b>channellisting</b><br>Test class: testcases.Channel</td>
<td></td>
<td>81</td>
<td>testcases.Channel@5b239d7d</td></tr>
<tr>
<td title='testcases.UserTitle.EditUserTitle()'><b>EditUserTitle</b><br>Test class: testcases.UserTitle</td>
<td></td>
<td>64</td>
<td>testcases.UserTitle@1189dd52</td></tr>
<tr>
<td title='testcases.Phase.validationCheck()'><b>validationCheck</b><br>Test class: testcases.Phase</td>
<td></td>
<td>37</td>
<td>testcases.Phase@5c5eefef</td></tr>
<tr>
<td title='testcases.Priority.editPriority()'><b>editPriority</b><br>Test class: testcases.Priority</td>
<td></td>
<td>63</td>
<td>testcases.Priority@16293aa2</td></tr>
<tr>
<td title='testcases.Stage.validationCheck()'><b>validationCheck</b><br>Test class: testcases.Stage</td>
<td></td>
<td>39</td>
<td>testcases.Stage@38c6f217</td></tr>
<tr>
<td title='testcases.UserTitle.validationCheck()'><b>validationCheck</b><br>Test class: testcases.UserTitle</td>
<td></td>
<td>36</td>
<td>testcases.UserTitle@1189dd52</td></tr>
<tr>
<td title='testcases.Priority.priorityListing()'><b>priorityListing</b><br>Test class: testcases.Priority</td>
<td></td>
<td>78</td>
<td>testcases.Priority@16293aa2</td></tr>
<tr>
<td title='testcases.Skill.addSkill()'><b>addSkill</b><br>Test class: testcases.Skill</td>
<td></td>
<td>52</td>
<td>testcases.Skill@399f45b1</td></tr>
<tr>
<td title='testcases.Feedback.validationCheck()'><b>validationCheck</b><br>Test class: testcases.Feedback</td>
<td></td>
<td>83</td>
<td>testcases.Feedback@245b4bdc</td></tr>
<tr>
<td title='testcases.Break.EditBreak()'><b>EditBreak</b><br>Test class: testcases.Break</td>
<td></td>
<td>58</td>
<td>testcases.Break@67d48005</td></tr>
<tr>
<td title='testcases.Feedback.deleteAlltickets()'><b>deleteAlltickets</b><br>Test class: testcases.Feedback</td>
<td></td>
<td>48</td>
<td>testcases.Feedback@245b4bdc</td></tr>
<tr>
<td title='testcases.Question.validationCheck()'><b>validationCheck</b><br>Test class: testcases.Question</td>
<td></td>
<td>42</td>
<td>testcases.Question@5158b42f</td></tr>
<tr>
<td title='testcases.IndustryType.addIndustryType()'><b>addIndustryType</b><br>Test class: testcases.IndustryType</td>
<td></td>
<td>49</td>
<td>testcases.IndustryType@6ae5aa72</td></tr>
<tr>
<td title='testcases.Emailtemplate.editEmailTemplate()'><b>editEmailTemplate</b><br>Test class: testcases.Emailtemplate</td>
<td></td>
<td>63</td>
<td>testcases.Emailtemplate@dd8ba08</td></tr>
<tr>
<td title='testcases.Service.addService()'><b>addService</b><br>Test class: testcases.Service</td>
<td></td>
<td>52</td>
<td>testcases.Service@72d1ad2e</td></tr>
<tr>
<td title='testcases.CRMRoleTitle.validationCheck()'><b>validationCheck</b><br>Test class: testcases.CRMRoleTitle</td>
<td></td>
<td>38</td>
<td>testcases.CRMRoleTitle@6d763516</td></tr>
<tr>
<td title='testcases.Service.ServiceListing()'><b>ServiceListing</b><br>Test class: testcases.Service</td>
<td></td>
<td>60</td>
<td>testcases.Service@72d1ad2e</td></tr>
<tr>
<td title='testcases.Channel.validationCheck()'><b>validationCheck</b><br>Test class: testcases.Channel</td>
<td></td>
<td>36</td>
<td>testcases.Channel@5b239d7d</td></tr>
<tr>
<td title='testcases.ContactType.addContactType()'><b>addContactType</b><br>Test class: testcases.ContactType</td>
<td></td>
<td>52</td>
<td>testcases.ContactType@2a798d51</td></tr>
<tr>
<td title='testcases.Greeting.validationCheck()'><b>validationCheck</b><br>Test class: testcases.Greeting</td>
<td></td>
<td>34</td>
<td>testcases.Greeting@6c64cb25</td></tr>
<tr>
<td title='testcases.Department.addDepartment()'><b>addDepartment</b><br>Test class: testcases.Department</td>
<td></td>
<td>65</td>
<td>testcases.Department@37afeb11</td></tr>
<tr>
<td title='testcases.Status.addStatus()'><b>addStatus</b><br>Test class: testcases.Status</td>
<td></td>
<td>70</td>
<td>testcases.Status@478190fc</td></tr>
<tr>
<td title='testcases.Channel.editChannel()'><b>editChannel</b><br>Test class: testcases.Channel</td>
<td></td>
<td>61</td>
<td>testcases.Channel@5b239d7d</td></tr>
<tr>
<td title='testcases.ContactType.editContactType()'><b>editContactType</b><br>Test class: testcases.ContactType</td>
<td></td>
<td>56</td>
<td>testcases.ContactType@2a798d51</td></tr>
<tr>
<td title='testcases.PaymentGateway.addPaymentGatewayValidation()'><b>addPaymentGatewayValidation</b><br>Test class: testcases.PaymentGateway</td>
<td></td>
<td>37</td>
<td>testcases.PaymentGateway@222545dc</td></tr>
<tr>
<td title='testcases.TemplateMapping.TrainingFeedbacklisting()'><b>TrainingFeedbacklisting</b><br>Test class: testcases.TemplateMapping</td>
<td></td>
<td>84</td>
<td>testcases.TemplateMapping@3a93b025</td></tr>
<tr>
<td title='testcases.Department.departmentListing()'><b>departmentListing</b><br>Test class: testcases.Department</td>
<td></td>
<td>75</td>
<td>testcases.Department@37afeb11</td></tr>
<tr>
<td title='testcases.TrainingFeedback.TrainingFeedbacklisting()'><b>TrainingFeedbacklisting</b><br>Test class: testcases.TrainingFeedback</td>
<td></td>
<td>87</td>
<td>testcases.TrainingFeedback@35cabb2a</td></tr>
<tr>
<td title='testcases.Skill.EditSkill()'><b>EditSkill</b><br>Test class: testcases.Skill</td>
<td></td>
<td>64</td>
<td>testcases.Skill@399f45b1</td></tr>
<tr>
<td title='testcases.Stage.addStage()'><b>addStage</b><br>Test class: testcases.Stage</td>
<td></td>
<td>106</td>
<td>testcases.Stage@38c6f217</td></tr>
<tr>
<td title='testcases.Status.validationCheck()'><b>validationCheck</b><br>Test class: testcases.Status</td>
<td></td>
<td>37</td>
<td>testcases.Status@478190fc</td></tr>
<tr>
<td title='testcases.Emailtemplate.addAdvancedEmailTemplate()'><b>addAdvancedEmailTemplate</b><br>Test class: testcases.Emailtemplate</td>
<td></td>
<td>55</td>
<td>testcases.Emailtemplate@dd8ba08</td></tr>
<tr>
<td title='testcases.CurrencyManagement.currencyValidationCheck()'><b>currencyValidationCheck</b><br>Test class: testcases.CurrencyManagement</td>
<td></td>
<td>99</td>
<td>testcases.CurrencyManagement@52bf72b5</td></tr>
<tr>
<td title='testcases.IndustryType.editIndustryType()'><b>editIndustryType</b><br>Test class: testcases.IndustryType</td>
<td></td>
<td>80</td>
<td>testcases.IndustryType@6ae5aa72</td></tr>
<tr>
<td title='testcases.Trip.validationCheck()'><b>validationCheck</b><br>Test class: testcases.Trip</td>
<td></td>
<td>38</td>
<td>testcases.Trip@7e07db1f</td></tr>
<tr>
<td title='testcases.Designation.addDesignationValidationCheck()'><b>addDesignationValidationCheck</b><br>Test class: testcases.Designation</td>
<td></td>
<td>36</td>
<td>testcases.Designation@515aebb0</td></tr>
<tr>
<td title='testcases.Category.addCategory()'><b>addCategory</b><br>Test class: testcases.Category</td>
<td></td>
<td>43</td>
<td>testcases.Category@7ec7ffd3</td></tr>
<tr>
<td title='testcases.Emailtemplate.validationCheck()'><b>validationCheck</b><br>Test class: testcases.Emailtemplate</td>
<td></td>
<td>94</td>
<td>testcases.Emailtemplate@dd8ba08</td></tr>
<tr>
<td title='testcases.IndustryType.addIndustryTypeValidation()'><b>addIndustryTypeValidation</b><br>Test class: testcases.IndustryType</td>
<td></td>
<td>35</td>
<td>testcases.IndustryType@6ae5aa72</td></tr>
<tr>
<td title='testcases.CompanyNotification.mainMultiCheckboxVerification()'><b>mainMultiCheckboxVerification</b><br>Test class: testcases.CompanyNotification</td>
<td></td>
<td>54</td>
<td>testcases.CompanyNotification@6b81ce95</td></tr>
<tr>
<td title='testcases.TemplateMapping.addTemplateMapping()'><b>addTemplateMapping</b><br>Test class: testcases.TemplateMapping</td>
<td></td>
<td>80</td>
<td>testcases.TemplateMapping@3a93b025</td></tr>
<tr>
<td title='testcases.CompanyHolidays.ValidationCheck()'><b>ValidationCheck</b><br>Test class: testcases.CompanyHolidays</td>
<td></td>
<td>37</td>
<td>testcases.CompanyHolidays@6572421</td></tr>
<tr>
<td title='testcases.Feedback.feedbacklisting()'><b>feedbacklisting</b><br>Test class: testcases.Feedback</td>
<td></td>
<td>79</td>
<td>testcases.Feedback@245b4bdc</td></tr>
<tr>
<td title='testcases.Status.EditStatus()'><b>EditStatus</b><br>Test class: testcases.Status</td>
<td></td>
<td>65</td>
<td>testcases.Status@478190fc</td></tr>
<tr>
<td title='testcases.IndustryType.IndustryTypeListing()'><b>IndustryTypeListing</b><br>Test class: testcases.IndustryType</td>
<td></td>
<td>100</td>
<td>testcases.IndustryType@6ae5aa72</td></tr>
<tr>
<td title='testcases.CannedReply.AddCannedReply()'><b>AddCannedReply</b><br>Test class: testcases.CannedReply</td>
<td></td>
<td>66</td>
<td>testcases.CannedReply@5876a9af</td></tr>
<tr>
<td title='testcases.Designation.addDesignation()'><b>addDesignation</b><br>Test class: testcases.Designation</td>
<td></td>
<td>49</td>
<td>testcases.Designation@515aebb0</td></tr>
<tr>
<td title='testcases.CompanyHolidays.AddCompanyHolidayFullDay()'><b>AddCompanyHolidayFullDay</b><br>Test class: testcases.CompanyHolidays</td>
<td></td>
<td>63</td>
<td>testcases.CompanyHolidays@6572421</td></tr>
<tr>
<td title='testcases.CRMRoleTitle.editCRMRoleTitlePage()'><b>editCRMRoleTitlePage</b><br>Test class: testcases.CRMRoleTitle</td>
<td></td>
<td>60</td>
<td>testcases.CRMRoleTitle@6d763516</td></tr>
<tr>
<td title='testcases.TaxAndDiscount.ValidationCheck()'><b>ValidationCheck</b><br>Test class: testcases.TaxAndDiscount</td>
<td></td>
<td>35</td>
<td>testcases.TaxAndDiscount@79e2c065</td></tr>
<tr>
<td title='testcases.Trip.addTrip()'><b>addTrip</b><br>Test class: testcases.Trip</td>
<td></td>
<td>52</td>
<td>testcases.Trip@7e07db1f</td></tr>
<tr>
<td title='testcases.CompanyNotification.moduleWiseCheckverification()'><b>moduleWiseCheckverification</b><br>Test class: testcases.CompanyNotification</td>
<td></td>
<td>241</td>
<td>testcases.CompanyNotification@6b81ce95</td></tr>
<tr>
<td title='testcases.TaxAndDiscount.ActiveAndINactive()'><b>ActiveAndINactive</b><br>Test class: testcases.TaxAndDiscount</td>
<td></td>
<td>48</td>
<td>testcases.TaxAndDiscount@79e2c065</td></tr>
<tr>
<td title='testcases.CompanyHolidays.ActiveInactiveSearch()'><b>ActiveInactiveSearch</b><br>Test class: testcases.CompanyHolidays</td>
<td></td>
<td>62</td>
<td>testcases.CompanyHolidays@6572421</td></tr>
<tr>
<td title='testcases.Trip.EditTrip()'><b>EditTrip</b><br>Test class: testcases.Trip</td>
<td></td>
<td>67</td>
<td>testcases.Trip@7e07db1f</td></tr>
<tr>
<td title='testcases.CannedReply.SearchActiveInactiveDeleteCannedReply()'><b>SearchActiveInactiveDeleteCannedReply</b><br>Test class: testcases.CannedReply</td>
<td></td>
<td>66</td>
<td>testcases.CannedReply@5876a9af</td></tr>
<tr>
<td title='testcases.Venue.addVenue()'><b>addVenue</b><br>Test class: testcases.Venue</td>
<td></td>
<td>190</td>
<td>testcases.Venue@36bc55de</td></tr>
<tr>
<td title='testcases.Feedback.editFeedback()'><b>editFeedback</b><br>Test class: testcases.Feedback</td>
<td></td>
<td>71</td>
<td>testcases.Feedback@245b4bdc</td></tr>
<tr>
<td title='testcases.Emailtemplate.emailTemplateListing()'><b>emailTemplateListing</b><br>Test class: testcases.Emailtemplate</td>
<td></td>
<td>91</td>
<td>testcases.Emailtemplate@dd8ba08</td></tr>
<tr>
<td title='testcases.PaymentGateway.addPaymentGateway()'><b>addPaymentGateway</b><br>Test class: testcases.PaymentGateway</td>
<td></td>
<td>68</td>
<td>testcases.PaymentGateway@222545dc</td></tr>
<tr>
<td title='testcases.Service.validationCheck()'><b>validationCheck</b><br>Test class: testcases.Service</td>
<td></td>
<td>37</td>
<td>testcases.Service@72d1ad2e</td></tr>
<tr>
<td title='testcases.Shift.editShiftFexible()'><b>editShiftFexible</b><br>Test class: testcases.Shift</td>
<td></td>
<td>63</td>
<td>testcases.Shift@2d7275fc</td></tr>
<tr>
<td title='testcases.Designation.designationListing()'><b>designationListing</b><br>Test class: testcases.Designation</td>
<td></td>
<td>84</td>
<td>testcases.Designation@515aebb0</td></tr>
<tr>
<td title='testcases.Greeting.addGreeting()'><b>addGreeting</b><br>Test class: testcases.Greeting</td>
<td></td>
<td>155</td>
<td>testcases.Greeting@6c64cb25</td></tr>
<tr>
<td title='testcases.Break.AddBreakValidationCheck()'><b>AddBreakValidationCheck</b><br>Test class: testcases.Break</td>
<td></td>
<td>65</td>
<td>testcases.Break@67d48005</td></tr>
<tr>
<td title='testcases.Priority.addPriority()'><b>addPriority</b><br>Test class: testcases.Priority</td>
<td></td>
<td>53</td>
<td>testcases.Priority@16293aa2</td></tr>
<tr>
<td title='testcases.Category.addCategoryValidationCheck()'><b>addCategoryValidationCheck</b><br>Test class: testcases.Category</td>
<td></td>
<td>33</td>
<td>testcases.Category@7ec7ffd3</td></tr>
<tr>
<td title='testcases.TrainingFeedback.editTrainingFeedback()'><b>editTrainingFeedback</b><br>Test class: testcases.TrainingFeedback</td>
<td></td>
<td>71</td>
<td>testcases.TrainingFeedback@35cabb2a</td></tr>
<tr>
<td title='testcases.PaymentGateway.editPaymentGateway()'><b>editPaymentGateway</b><br>Test class: testcases.PaymentGateway</td>
<td></td>
<td>64</td>
<td>testcases.PaymentGateway@222545dc</td></tr>
<tr>
<td title='testcases.Shift.ServiceListing()'><b>ServiceListing</b><br>Test class: testcases.Shift</td>
<td></td>
<td>76</td>
<td>testcases.Shift@2d7275fc</td></tr>
<tr>
<td title='testcases.Emailtemplate.addEmailTemplate()'><b>addEmailTemplate</b><br>Test class: testcases.Emailtemplate</td>
<td></td>
<td>53</td>
<td>testcases.Emailtemplate@dd8ba08</td></tr>
<tr>
<td title='testcases.ContactType.validationCheck()'><b>validationCheck</b><br>Test class: testcases.ContactType</td>
<td></td>
<td>34</td>
<td>testcases.ContactType@2a798d51</td></tr>
<tr>
<td title='testcases.UserTitle.StageListing()'><b>StageListing</b><br>Test class: testcases.UserTitle</td>
<td></td>
<td>75</td>
<td>testcases.UserTitle@1189dd52</td></tr>
<tr>
<td title='testcases.Category.editCategory()'><b>editCategory</b><br>Test class: testcases.Category</td>
<td></td>
<td>55</td>
<td>testcases.Category@7ec7ffd3</td></tr>
<tr>
<td title='testcases.Venue.addLayout()'><b>addLayout</b><br>Test class: testcases.Venue</td>
<td></td>
<td>246</td>
<td>testcases.Venue@36bc55de</td></tr>
<tr>
<td title='testcases.Department.addDepartmentValidationCheck()'><b>addDepartmentValidationCheck</b><br>Test class: testcases.Department</td>
<td></td>
<td>45</td>
<td>testcases.Department@37afeb11</td></tr>
<tr>
<td title='testcases.Feedback.addFeedback()'><b>addFeedback</b><br>Test class: testcases.Feedback</td>
<td></td>
<td>104</td>
<td>testcases.Feedback@245b4bdc</td></tr>
<tr>
<td title='testcases.CRMRoleTitle.CRMRoleTitleStatusModificationAndValidation()'><b>CRMRoleTitleStatusModificationAndValidation</b><br>Test class: testcases.CRMRoleTitle</td>
<td></td>
<td>90</td>
<td>testcases.CRMRoleTitle@6d763516</td></tr>
<tr>
<td title='testcases.Priority.validationCheck()'><b>validationCheck</b><br>Test class: testcases.Priority</td>
<td></td>
<td>35</td>
<td>testcases.Priority@16293aa2</td></tr>
<tr>
<td title='testcases.CurrencyManagement.SourcecurrencyDuplicateValidation()'><b>SourcecurrencyDuplicateValidation</b><br>Test class: testcases.CurrencyManagement</td>
<td></td>
<td>58</td>
<td>testcases.CurrencyManagement@52bf72b5</td></tr>
<tr>
<td title='testcases.UserTitle.addUserTitle()'><b>addUserTitle</b><br>Test class: testcases.UserTitle</td>
<td></td>
<td>49</td>
<td>testcases.UserTitle@1189dd52</td></tr>
<tr>
<td title='testcases.CannedReply.ValidationCheck()'><b>ValidationCheck</b><br>Test class: testcases.CannedReply</td>
<td></td>
<td>41</td>
<td>testcases.CannedReply@5876a9af</td></tr>
<tr>
<td title='testcases.CurrencyManagement.addNewCurrencyAndDelete()'><b>addNewCurrencyAndDelete</b><br>Test class: testcases.CurrencyManagement</td>
<td></td>
<td>57</td>
<td>testcases.CurrencyManagement@52bf72b5</td></tr>
<tr>
<td title='testcases.PaymentGateway.PaymentGatewayListing()'><b>PaymentGatewayListing</b><br>Test class: testcases.PaymentGateway</td>
<td></td>
<td>38</td>
<td>testcases.PaymentGateway@222545dc</td></tr>
<tr>
<td title='testcases.Designation.editDesignation()'><b>editDesignation</b><br>Test class: testcases.Designation</td>
<td></td>
<td>67</td>
<td>testcases.Designation@515aebb0</td></tr>
<tr>
<td title='testcases.Department.editDepartment()'><b>editDepartment</b><br>Test class: testcases.Department</td>
<td></td>
<td>56</td>
<td>testcases.Department@37afeb11</td></tr>
<tr>
<td title='testcases.ContactType.contactTypeListing()'><b>contactTypeListing</b><br>Test class: testcases.ContactType</td>
<td></td>
<td>84</td>
<td>testcases.ContactType@2a798d51</td></tr>
<tr>
<td title='testcases.Skill.validationCheck()'><b>validationCheck</b><br>Test class: testcases.Skill</td>
<td></td>
<td>36</td>
<td>testcases.Skill@399f45b1</td></tr>
<tr>
<td title='testcases.Stage.EditStage()'><b>EditStage</b><br>Test class: testcases.Stage</td>
<td></td>
<td>67</td>
<td>testcases.Stage@38c6f217</td></tr>
<tr>
<td title='testcases.Skill.SkillListing()'><b>SkillListing</b><br>Test class: testcases.Skill</td>
<td></td>
<td>84</td>
<td>testcases.Skill@399f45b1</td></tr>
<tr>
<td title='testcases.TrainingFeedback.addTrainingFeedback()'><b>addTrainingFeedback</b><br>Test class: testcases.TrainingFeedback</td>
<td></td>
<td>50</td>
<td>testcases.TrainingFeedback@35cabb2a</td></tr>
<tr>
<td title='testcases.CurrencyManagement.BasecurrencyDuplicateValidation()'><b>BasecurrencyDuplicateValidation</b><br>Test class: testcases.CurrencyManagement</td>
<td></td>
<td>44</td>
<td>testcases.CurrencyManagement@52bf72b5</td></tr>
<tr>
<td title='testcases.Category.CategoryListing()'><b>CategoryListing</b><br>Test class: testcases.Category</td>
<td></td>
<td>76</td>
<td>testcases.Category@7ec7ffd3</td></tr>
<tr>
<td title='testcases.CRMRoleTitle.addCRMRoleTitlePage()'><b>addCRMRoleTitlePage</b><br>Test class: testcases.CRMRoleTitle</td>
<td></td>
<td>52</td>
<td>testcases.CRMRoleTitle@6d763516</td></tr>
<tr>
<td title='testcases.TrainingFeedback.addFeedbackValidationCheck()'><b>addFeedbackValidationCheck</b><br>Test class: testcases.TrainingFeedback</td>
<td></td>
<td>77</td>
<td>testcases.TrainingFeedback@35cabb2a</td></tr>
<tr>
<td title='testcases.Channel.addChannel()'><b>addChannel</b><br>Test class: testcases.Channel</td>
<td></td>
<td>48</td>
<td>testcases.Channel@5b239d7d</td></tr>
<tr>
<td title='testcases.Shift.validationCheck()'><b>validationCheck</b><br>Test class: testcases.Shift</td>
<td></td>
<td>39</td>
<td>testcases.Shift@2d7275fc</td></tr>
<tr>
<td title='testcases.Shift.addShiftFexible()'><b>addShiftFexible</b><br>Test class: testcases.Shift</td>
<td></td>
<td>77</td>
<td>testcases.Shift@2d7275fc</td></tr>
<tr>
<td title='testcases.TemplateMapping.addTemplateMappingValidation()'><b>addTemplateMappingValidation</b><br>Test class: testcases.TemplateMapping</td>
<td></td>
<td>35</td>
<td>testcases.TemplateMapping@3a93b025</td></tr>
</table><p>
<table width='100%' border='1' class='invocation-skipped'>
<tr><td colspan='4' align='center'><b>SKIPPED TESTS</b></td></tr>
<tr><td><b>Test method</b></td>
<td width="30%"><b>Exception</b></td>
<td width="10%"><b>Time (seconds)</b></td>
<td><b>Instance</b></td>
</tr>
<tr>
<td title='testcases.Announcement.AddSearchDeleteAnnouncement()'><b>AddSearchDeleteAnnouncement</b><br>Test class: testcases.Announcement</td>
<td><div><pre>java.lang.NullPointerException: Cannot invoke &quot;org.openqa.selenium.TakesScreenshot.getScreenshotAs(org.openqa.selenium.OutputType)&quot; because &quot;this.driver&quot; is null
	at utils.WebTestBase.reportWrapUp(WebTestBase.java:70)
	at java.base/java.util.ArrayList.forEach(ArrayList.java:1511)
... Removed 32 stack frames</pre></div><a href='#' onClick='toggleBox("stack-trace1163619825", this, "Click to show all stack frames", "Click to hide stack frames")'>Click to show all stack frames</a>
<div class='stack-trace' id='stack-trace1163619825'><pre>java.lang.NullPointerException: Cannot invoke &quot;org.openqa.selenium.TakesScreenshot.getScreenshotAs(org.openqa.selenium.OutputType)&quot; because &quot;this.driver&quot; is null
	at utils.WebTestBase.reportWrapUp(WebTestBase.java:70)
	at java.base/jdk.internal.reflect.NativeMethodAccessorImpl.invoke0(Native Method)
	at java.base/jdk.internal.reflect.NativeMethodAccessorImpl.invoke(NativeMethodAccessorImpl.java:77)
	at java.base/jdk.internal.reflect.DelegatingMethodAccessorImpl.invoke(DelegatingMethodAccessorImpl.java:43)
	at java.base/java.lang.reflect.Method.invoke(Method.java:568)
	at org.testng.internal.MethodInvocationHelper.invokeMethod(MethodInvocationHelper.java:133)
	at org.testng.internal.MethodInvocationHelper.invokeMethodConsideringTimeout(MethodInvocationHelper.java:62)
	at org.testng.internal.ConfigInvoker.invokeConfigurationMethod(ConfigInvoker.java:385)
	at org.testng.internal.ConfigInvoker.invokeConfigurations(ConfigInvoker.java:321)
	at org.testng.internal.TestInvoker.runConfigMethods(TestInvoker.java:700)
	at org.testng.internal.TestInvoker.runAfterGroupsConfigurations(TestInvoker.java:676)
	at org.testng.internal.TestInvoker.invokeMethod(TestInvoker.java:546)
	at org.testng.internal.TestInvoker.invokeTestMethod(TestInvoker.java:173)
	at org.testng.internal.MethodRunner.runInSequence(MethodRunner.java:46)
	at org.testng.internal.TestInvoker$MethodInvocationAgent.invoke(TestInvoker.java:824)
	at org.testng.internal.TestInvoker.invokeTestMethods(TestInvoker.java:146)
	at org.testng.internal.TestMethodWorker.invokeTestMethods(TestMethodWorker.java:146)
	at org.testng.internal.TestMethodWorker.run(TestMethodWorker.java:128)
	at java.base/java.util.ArrayList.forEach(ArrayList.java:1511)
	at org.testng.TestRunner.privateRun(TestRunner.java:794)
	at org.testng.TestRunner.run(TestRunner.java:596)
	at org.testng.SuiteRunner.runTest(SuiteRunner.java:377)
	at org.testng.SuiteRunner.runSequentially(SuiteRunner.java:371)
	at org.testng.SuiteRunner.privateRun(SuiteRunner.java:332)
	at org.testng.SuiteRunner.run(SuiteRunner.java:276)
	at org.testng.SuiteRunnerWorker.runSuite(SuiteRunnerWorker.java:53)
	at org.testng.SuiteRunnerWorker.run(SuiteRunnerWorker.java:96)
	at org.testng.TestNG.runSuitesSequentially(TestNG.java:1212)
	at org.testng.TestNG.runSuitesLocally(TestNG.java:1134)
	at org.testng.TestNG.runSuites(TestNG.java:1063)
	at org.testng.TestNG.run(TestNG.java:1031)
	at org.testng.remote.AbstractRemoteTestNG.run(AbstractRemoteTestNG.java:115)
	at org.testng.remote.RemoteTestNG.initAndRun(RemoteTestNG.java:251)
	at org.testng.remote.RemoteTestNG.main(RemoteTestNG.java:77)
</pre></div></td>
<td>0</td>
<td>testcases.Announcement@5ffead27</td></tr>
<tr>
<td title='testcases.Announcement.ValidationCheck()'><b>ValidationCheck</b><br>Test class: testcases.Announcement</td>
<td><div><pre>org.openqa.selenium.WebDriverException: Timed out waiting for driver server to start.
Build info: version: &apos;3.141.59&apos;, revision: &apos;e82be7d358&apos;, time: &apos;2018-11-14T08:17:03&apos;
System info: host: &apos;COG-WIN-MAC03&apos;, ip: &apos;192.168.0.167&apos;, os.name: &apos;Windows 10&apos;, os.arch: &apos;amd64&apos;, os.version: &apos;10.0&apos;, java.version: &apos;17.0.2&apos;
Driver info: driver.version: ChromeDriver
	at org.openqa.selenium.remote.service.DriverService.waitUntilAvailable(DriverService.java:202)
	at org.openqa.selenium.remote.service.DriverService.start(DriverService.java:188)
	at org.openqa.selenium.remote.service.DriverCommandExecutor.execute(DriverCommandExecutor.java:79)
	at org.openqa.selenium.remote.RemoteWebDriver.execute(RemoteWebDriver.java:552)
	at org.openqa.selenium.remote.RemoteWebDriver.startSession(RemoteWebDriver.java:213)
	at org.openqa.selenium.remote.RemoteWebDriver.&lt;init&gt;(RemoteWebDriver.java:131)
	at org.openqa.selenium.chrome.ChromeDriver.&lt;init&gt;(ChromeDriver.java:181)
	at org.openqa.selenium.chrome.ChromeDriver.&lt;init&gt;(ChromeDriver.java:168)
	at org.openqa.selenium.chrome.ChromeDriver.&lt;init&gt;(ChromeDriver.java:157)
	at utils.Drivers.getWebDriver(Drivers.java:59)
	at utils.WebTestBase.setUp(WebTestBase.java:51)
	at java.base/java.util.ArrayList.forEach(ArrayList.java:1511)
Caused by: org.openqa.selenium.net.UrlChecker$TimeoutException: Timed out waiting for [http://localhost:18901/status] to be available after 20010 ms
	at org.openqa.selenium.net.UrlChecker.waitUntilAvailable(UrlChecker.java:100)
	at org.openqa.selenium.remote.service.DriverService.waitUntilAvailable(DriverService.java:197)
	... 36 more
Caused by: java.util.concurrent.TimeoutException
	at java.base/java.util.concurrent.FutureTask.get(FutureTask.java:204)
	at com.google.common.util.concurrent.SimpleTimeLimiter.callWithTimeout(SimpleTimeLimiter.java:156)
	at org.openqa.selenium.net.UrlChecker.waitUntilAvailable(UrlChecker.java:75)
	... 37 more
... Removed 25 stack frames</pre></div><a href='#' onClick='toggleBox("stack-trace674019271", this, "Click to show all stack frames", "Click to hide stack frames")'>Click to show all stack frames</a>
<div class='stack-trace' id='stack-trace674019271'><pre>org.openqa.selenium.WebDriverException: Timed out waiting for driver server to start.
Build info: version: &apos;3.141.59&apos;, revision: &apos;e82be7d358&apos;, time: &apos;2018-11-14T08:17:03&apos;
System info: host: &apos;COG-WIN-MAC03&apos;, ip: &apos;192.168.0.167&apos;, os.name: &apos;Windows 10&apos;, os.arch: &apos;amd64&apos;, os.version: &apos;10.0&apos;, java.version: &apos;17.0.2&apos;
Driver info: driver.version: ChromeDriver
	at org.openqa.selenium.remote.service.DriverService.waitUntilAvailable(DriverService.java:202)
	at org.openqa.selenium.remote.service.DriverService.start(DriverService.java:188)
	at org.openqa.selenium.remote.service.DriverCommandExecutor.execute(DriverCommandExecutor.java:79)
	at org.openqa.selenium.remote.RemoteWebDriver.execute(RemoteWebDriver.java:552)
	at org.openqa.selenium.remote.RemoteWebDriver.startSession(RemoteWebDriver.java:213)
	at org.openqa.selenium.remote.RemoteWebDriver.&lt;init&gt;(RemoteWebDriver.java:131)
	at org.openqa.selenium.chrome.ChromeDriver.&lt;init&gt;(ChromeDriver.java:181)
	at org.openqa.selenium.chrome.ChromeDriver.&lt;init&gt;(ChromeDriver.java:168)
	at org.openqa.selenium.chrome.ChromeDriver.&lt;init&gt;(ChromeDriver.java:157)
	at utils.Drivers.getWebDriver(Drivers.java:59)
	at utils.WebTestBase.setUp(WebTestBase.java:51)
	at java.base/jdk.internal.reflect.NativeMethodAccessorImpl.invoke0(Native Method)
	at java.base/jdk.internal.reflect.NativeMethodAccessorImpl.invoke(NativeMethodAccessorImpl.java:77)
	at java.base/jdk.internal.reflect.DelegatingMethodAccessorImpl.invoke(DelegatingMethodAccessorImpl.java:43)
	at java.base/java.lang.reflect.Method.invoke(Method.java:568)
	at org.testng.internal.MethodInvocationHelper.invokeMethod(MethodInvocationHelper.java:133)
	at org.testng.internal.MethodInvocationHelper.invokeMethodConsideringTimeout(MethodInvocationHelper.java:62)
	at org.testng.internal.ConfigInvoker.invokeConfigurationMethod(ConfigInvoker.java:385)
	at org.testng.internal.ConfigInvoker.invokeConfigurations(ConfigInvoker.java:321)
	at org.testng.internal.TestMethodWorker.invokeBeforeClassMethods(TestMethodWorker.java:176)
	at org.testng.internal.TestMethodWorker.run(TestMethodWorker.java:122)
	at java.base/java.util.ArrayList.forEach(ArrayList.java:1511)
	at org.testng.TestRunner.privateRun(TestRunner.java:794)
	at org.testng.TestRunner.run(TestRunner.java:596)
	at org.testng.SuiteRunner.runTest(SuiteRunner.java:377)
	at org.testng.SuiteRunner.runSequentially(SuiteRunner.java:371)
	at org.testng.SuiteRunner.privateRun(SuiteRunner.java:332)
	at org.testng.SuiteRunner.run(SuiteRunner.java:276)
	at org.testng.SuiteRunnerWorker.runSuite(SuiteRunnerWorker.java:53)
	at org.testng.SuiteRunnerWorker.run(SuiteRunnerWorker.java:96)
	at org.testng.TestNG.runSuitesSequentially(TestNG.java:1212)
	at org.testng.TestNG.runSuitesLocally(TestNG.java:1134)
	at org.testng.TestNG.runSuites(TestNG.java:1063)
	at org.testng.TestNG.run(TestNG.java:1031)
	at org.testng.remote.AbstractRemoteTestNG.run(AbstractRemoteTestNG.java:115)
	at org.testng.remote.RemoteTestNG.initAndRun(RemoteTestNG.java:251)
	at org.testng.remote.RemoteTestNG.main(RemoteTestNG.java:77)
Caused by: org.openqa.selenium.net.UrlChecker$TimeoutException: Timed out waiting for [http://localhost:18901/status] to be available after 20010 ms
	at org.openqa.selenium.net.UrlChecker.waitUntilAvailable(UrlChecker.java:100)
	at org.openqa.selenium.remote.service.DriverService.waitUntilAvailable(DriverService.java:197)
	... 36 more
Caused by: java.util.concurrent.TimeoutException
	at java.base/java.util.concurrent.FutureTask.get(FutureTask.java:204)
	at com.google.common.util.concurrent.SimpleTimeLimiter.callWithTimeout(SimpleTimeLimiter.java:156)
	at org.openqa.selenium.net.UrlChecker.waitUntilAvailable(UrlChecker.java:75)
	... 37 more
</pre></div></td>
<td>0</td>
<td>testcases.Announcement@5ffead27</td></tr>
</table><p>
</body>
</html>