<?xml version="1.0" encoding="UTF-8"?>
<!-- Generated by org.testng.reporters.JUnitXMLReporter -->
<testsuite ignored="31" hostname="COG-WIN-MAC03" failures="16" tests="120" name="TestName" time="8307.506" errors="0" timestamp="2023-01-24T16:24:10 IST">
  <testcase classname="utils.WebTestBase" name="@BeforeClass setUp" time="25.622">
    <failure type="org.openqa.selenium.WebDriverException" message="Timed out waiting for driver server to start.
Build info: version: &amp;apos;3.141.59&amp;apos;, revision: &amp;apos;e82be7d358&amp;apos;, time: &amp;apos;2018-11-14T08:17:03&amp;apos;
System info: host: &amp;apos;COG-WIN-MAC03&amp;apos;, ip: &amp;apos;192.168.0.167&amp;apos;, os.name: &amp;apos;Windows 10&amp;apos;, os.arch: &amp;apos;amd64&amp;apos;, os.version: &amp;apos;10.0&amp;apos;, java.version: &amp;apos;17.0.2&amp;apos;
Driver info: driver.version: ChromeDriver">
      <![CDATA[org.openqa.selenium.WebDriverException: Timed out waiting for driver server to start.
Build info: version: '3.141.59', revision: 'e82be7d358', time: '2018-11-14T08:17:03'
System info: host: 'COG-WIN-MAC03', ip: '192.168.0.167', os.name: 'Windows 10', os.arch: 'amd64', os.version: '10.0', java.version: '17.0.2'
Driver info: driver.version: ChromeDriver
at org.openqa.selenium.remote.service.DriverService.waitUntilAvailable(DriverService.java:202)
at org.openqa.selenium.remote.service.DriverService.start(DriverService.java:188)
at org.openqa.selenium.remote.service.DriverCommandExecutor.execute(DriverCommandExecutor.java:79)
at org.openqa.selenium.remote.RemoteWebDriver.execute(RemoteWebDriver.java:552)
at org.openqa.selenium.remote.RemoteWebDriver.startSession(RemoteWebDriver.java:213)
at org.openqa.selenium.remote.RemoteWebDriver.<init>(RemoteWebDriver.java:131)
at org.openqa.selenium.chrome.ChromeDriver.<init>(ChromeDriver.java:181)
at org.openqa.selenium.chrome.ChromeDriver.<init>(ChromeDriver.java:168)
at org.openqa.selenium.chrome.ChromeDriver.<init>(ChromeDriver.java:157)
at utils.Drivers.getWebDriver(Drivers.java:59)
at utils.WebTestBase.setUp(WebTestBase.java:51)
at java.base/java.util.ArrayList.forEach(ArrayList.java:1511)
Caused by: org.openqa.selenium.net.UrlChecker$TimeoutException: Timed out waiting for [http://localhost:18901/status] to be available after 20010 ms
at org.openqa.selenium.net.UrlChecker.waitUntilAvailable(UrlChecker.java:100)
at org.openqa.selenium.remote.service.DriverService.waitUntilAvailable(DriverService.java:197)
... 36 more
Caused by: java.util.concurrent.TimeoutException
at java.base/java.util.concurrent.FutureTask.get(FutureTask.java:204)
at com.google.common.util.concurrent.SimpleTimeLimiter.callWithTimeout(SimpleTimeLimiter.java:156)
at org.openqa.selenium.net.UrlChecker.waitUntilAvailable(UrlChecker.java:75)
... 37 more
... Removed 25 stack frames]]>
    </failure>
  </testcase> <!-- @BeforeClass setUp -->
  <testcase classname="utils.WebTestBase" name="@BeforeMethod beforeMethod" time="-1.674549368276E9">
    <skipped/>
  </testcase> <!-- @BeforeMethod beforeMethod -->
  <testcase classname="utils.WebTestBase" name="@AfterMethod reportWrapUp" time="0.146">
    <failure type="java.lang.NullPointerException" message="Cannot invoke &amp;quot;org.openqa.selenium.TakesScreenshot.getScreenshotAs(org.openqa.selenium.OutputType)&amp;quot; because &amp;quot;this.driver&amp;quot; is null">
      <![CDATA[java.lang.NullPointerException: Cannot invoke "org.openqa.selenium.TakesScreenshot.getScreenshotAs(org.openqa.selenium.OutputType)" because "this.driver" is null
at utils.WebTestBase.reportWrapUp(WebTestBase.java:70)
at java.base/java.util.ArrayList.forEach(ArrayList.java:1511)
... Removed 32 stack frames]]>
    </failure>
  </testcase> <!-- @AfterMethod reportWrapUp -->
  <testcase classname="utils.WebTestBase" name="@BeforeMethod beforeMethod" time="-1.674549368493E9">
    <skipped/>
  </testcase> <!-- @BeforeMethod beforeMethod -->
  <testcase classname="utils.WebTestBase" name="@AfterMethod reportWrapUp" time="0.005">
    <failure type="java.lang.NullPointerException" message="Cannot invoke &amp;quot;org.openqa.selenium.TakesScreenshot.getScreenshotAs(org.openqa.selenium.OutputType)&amp;quot; because &amp;quot;this.driver&amp;quot; is null">
      <![CDATA[java.lang.NullPointerException: Cannot invoke "org.openqa.selenium.TakesScreenshot.getScreenshotAs(org.openqa.selenium.OutputType)" because "this.driver" is null
at utils.WebTestBase.reportWrapUp(WebTestBase.java:70)
at java.base/java.util.ArrayList.forEach(ArrayList.java:1511)
... Removed 32 stack frames]]>
    </failure>
  </testcase> <!-- @AfterMethod reportWrapUp -->
  <testcase classname="utils.WebTestBase" name="@AfterClass closeBrowser" time="0.001">
    <failure type="java.lang.NullPointerException" message="Cannot invoke &amp;quot;org.openqa.selenium.WebDriver.quit()&amp;quot; because &amp;quot;this.driver&amp;quot; is null">
      <![CDATA[java.lang.NullPointerException: Cannot invoke "org.openqa.selenium.WebDriver.quit()" because "this.driver" is null
at utils.WebTestBase.closeBrowser(WebTestBase.java:86)
at java.base/java.util.ArrayList.forEach(ArrayList.java:1511)
... Removed 25 stack frames]]>
    </failure>
  </testcase> <!-- @AfterClass closeBrowser -->
  <testcase classname="testcases.Announcement" name="ValidationCheck" time="0.0">
    <skipped/>
  </testcase> <!-- ValidationCheck -->
  <testcase classname="testcases.Announcement" name="AddSearchDeleteAnnouncement" time="0.0">
    <skipped/>
  </testcase> <!-- AddSearchDeleteAnnouncement -->
  <testcase classname="testcases.Break" name="AddBreakValidationCheck" time="65.313"/>
  <testcase classname="testcases.Break" name="AddBreak" time="75.952">
    <failure type="java.lang.AssertionError" message=" Close Success Message -  element not clickable">
      <![CDATA[java.lang.AssertionError:  Close Success Message -  element not clickable
at utils.WebBasePage.click(WebBasePage.java:119)
at pageobjects.BreakPage.HandleSuccessMessage(BreakPage.java:179)
at Action.BreakAction.AddBreak(BreakAction.java:45)
at testcases.Break.AddBreak(Break.java:32)
at java.base/java.util.ArrayList.forEach(ArrayList.java:1511)
... Removed 28 stack frames]]>
    </failure>
  </testcase> <!-- AddBreak -->
  <testcase classname="testcases.Break" name="EditBreak" time="58.628"/>
  <testcase classname="testcases.CannedReply" name="ValidationCheck" time="41.556"/>
  <testcase classname="testcases.CannedReply" name="AddCannedReply" time="66.653"/>
  <testcase classname="testcases.CannedReply" name="SearchActiveInactiveDeleteCannedReply" time="66.634"/>
  <testcase classname="testcases.Category" name="addCategoryValidationCheck" time="33.803"/>
  <testcase classname="testcases.Category" name="addCategory" time="43.688"/>
  <testcase classname="testcases.Category" name="editCategory" time="55.658"/>
  <testcase classname="testcases.Category" name="CategoryListing" time="76.292"/>
  <testcase classname="testcases.Channel" name="validationCheck" time="36.943"/>
  <testcase classname="testcases.Channel" name="addChannel" time="48.043"/>
  <testcase classname="testcases.Channel" name="editChannel" time="61.837"/>
  <testcase classname="testcases.Channel" name="channellisting" time="81.248"/>
  <testcase classname="testcases.CompanyHolidays" name="ValidationCheck" time="37.924"/>
  <testcase classname="testcases.CompanyHolidays" name="AddCompanyHolidayFullDay" time="63.892"/>
  <testcase classname="testcases.CompanyHolidays" name="ActiveInactiveSearch" time="62.523"/>
  <testcase classname="testcases.CompanyNotification" name="mainMultiCheckboxVerification" time="54.121"/>
  <testcase classname="testcases.CompanyNotification" name="moduleWiseCheckverification" time="241.454"/>
  <testcase classname="testcases.ContactType" name="validationCheck" time="34.861"/>
  <testcase classname="testcases.ContactType" name="addContactType" time="52.725"/>
  <testcase classname="testcases.ContactType" name="editContactType" time="56.066"/>
  <testcase classname="testcases.ContactType" name="contactTypeListing" time="84.757"/>
  <testcase classname="testcases.CRMRoleTitle" name="validationCheck" time="38.221"/>
  <testcase classname="testcases.CRMRoleTitle" name="addCRMRoleTitlePage" time="52.442"/>
  <testcase classname="testcases.CRMRoleTitle" name="editCRMRoleTitlePage" time="60.412"/>
  <testcase classname="testcases.CRMRoleTitle" name="CRMRoleTitleStatusModificationAndValidation" time="90.881"/>
  <testcase classname="testcases.CurrencyManagement" name="currencyValidationCheck" time="99.143"/>
  <testcase classname="testcases.CurrencyManagement" name="SourcecurrencyDuplicateValidation" time="58.977"/>
  <testcase classname="testcases.CurrencyManagement" name="BasecurrencyDuplicateValidation" time="44.309"/>
  <testcase classname="testcases.CurrencyManagement" name="addNewCurrencyAndDelete" time="57.98"/>
  <testcase classname="testcases.Department" name="addDepartmentValidationCheck" time="45.126"/>
  <testcase classname="testcases.Department" name="addDepartment" time="65.148"/>
  <testcase classname="testcases.Department" name="editDepartment" time="56.635"/>
  <testcase classname="testcases.Department" name="departmentListing" time="75.427"/>
  <testcase classname="testcases.Designation" name="addDesignationValidationCheck" time="36.395"/>
  <testcase classname="testcases.Designation" name="addDesignation" time="49.843"/>
  <testcase classname="testcases.Designation" name="editDesignation" time="67.128"/>
  <testcase classname="testcases.Designation" name="designationListing" time="84.762"/>
  <testcase classname="testcases.Emailtemplate" name="validationCheck" time="94.684"/>
  <testcase classname="testcases.Emailtemplate" name="addEmailTemplate" time="53.927"/>
  <testcase classname="testcases.Emailtemplate" name="editEmailTemplate" time="63.2"/>
  <testcase classname="testcases.Emailtemplate" name="emailTemplateListing" time="91.096"/>
  <testcase classname="testcases.Emailtemplate" name="addAdvancedEmailTemplate" time="55.689"/>
  <testcase classname="testcases.Feedback" name="validationCheck" time="83.155"/>
  <testcase classname="testcases.Feedback" name="addFeedback" time="104.89"/>
  <testcase classname="testcases.Feedback" name="editFeedback" time="71.995"/>
  <testcase classname="testcases.Feedback" name="feedbacklisting" time="79.054"/>
  <testcase classname="testcases.Feedback" name="deleteAlltickets" time="48.921"/>
  <testcase classname="testcases.Greeting" name="validationCheck" time="34.798"/>
  <testcase classname="testcases.Greeting" name="addGreeting" time="155.327"/>
  <testcase classname="testcases.IndustryType" name="addIndustryTypeValidation" time="35.992"/>
  <testcase classname="testcases.IndustryType" name="addIndustryType" time="49.235"/>
  <testcase classname="testcases.IndustryType" name="editIndustryType" time="80.066"/>
  <testcase classname="testcases.IndustryType" name="IndustryTypeListing" time="100.757"/>
  <testcase classname="testcases.PaymentGateway" name="addPaymentGatewayValidation" time="37.773"/>
  <testcase classname="testcases.PaymentGateway" name="addPaymentGateway" time="68.623"/>
  <testcase classname="testcases.PaymentGateway" name="editPaymentGateway" time="64.991"/>
  <testcase classname="testcases.PaymentGateway" name="PaymentGatewayListing" time="38.529"/>
  <testcase classname="testcases.Phase" name="validationCheck" time="37.573"/>
  <testcase classname="testcases.Phase" name="addPhase" time="59.053">
    <failure type="java.lang.AssertionError" message="java.lang.NullPointerException: Cannot invoke &amp;quot;org.openqa.selenium.WebElement.clear()&amp;quot; because &amp;quot;element&amp;quot; is null">
      <![CDATA[java.lang.AssertionError: java.lang.NullPointerException: Cannot invoke "org.openqa.selenium.WebElement.clear()" because "element" is null
at utils.WebBasePage.enter(WebBasePage.java:81)
at pageobjects.UserLoginPage.enterUserName(UserLoginPage.java:37)
at pageobjects.UserLoginPage.forcefulLogOutLogin(UserLoginPage.java:83)
at Action.LoginAction.logoutLogin(LoginAction.java:25)
at testcases.Phase.addPhase(Phase.java:33)
at java.base/java.util.ArrayList.forEach(ArrayList.java:1511)
... Removed 28 stack frames]]>
    </failure>
  </testcase> <!-- addPhase -->
  <testcase classname="testcases.Phase" name="editPhase" time="28.204">
    <failure type="java.lang.AssertionError" message="java.lang.IllegalArgumentException: Keys to send should be a not null CharSequence">
      <![CDATA[java.lang.AssertionError: java.lang.IllegalArgumentException: Keys to send should be a not null CharSequence
at utils.WebBasePage.enter(WebBasePage.java:81)
at pageobjects.PhasePage.enterSearchText(PhasePage.java:148)
at Action.PhaseAction.editCreatedPhase(PhaseAction.java:55)
at testcases.Phase.editPhase(Phase.java:45)
at java.base/java.util.ArrayList.forEach(ArrayList.java:1511)
... Removed 28 stack frames]]>
    </failure>
  </testcase> <!-- editPhase -->
  <testcase classname="testcases.Phase" name="phaseListing" time="55.365">
    <failure type="java.lang.AssertionError" message="java.lang.IllegalArgumentException: Keys to send should be a not null CharSequence">
      <![CDATA[java.lang.AssertionError: java.lang.IllegalArgumentException: Keys to send should be a not null CharSequence
at utils.WebBasePage.enter(WebBasePage.java:81)
at pageobjects.PhasePage.enterSearchText(PhasePage.java:148)
at Action.PhaseAction.ActiveStatus(PhaseAction.java:68)
at testcases.Phase.phaseListing(Phase.java:55)
at java.base/java.util.ArrayList.forEach(ArrayList.java:1511)
... Removed 28 stack frames]]>
    </failure>
  </testcase> <!-- phaseListing -->
  <testcase classname="testcases.Priority" name="validationCheck" time="35.084"/>
  <testcase classname="testcases.Priority" name="addPriority" time="53.354"/>
  <testcase classname="testcases.Priority" name="editPriority" time="63.401"/>
  <testcase classname="testcases.Priority" name="priorityListing" time="78.396"/>
  <testcase classname="testcases.Question" name="validationCheck" time="42.77"/>
  <testcase classname="testcases.Question" name="addQuestion" time="41.795">
    <failure type="java.lang.AssertionError" message="java.lang.NullPointerException: Cannot invoke &amp;quot;org.openqa.selenium.WebElement.clear()&amp;quot; because &amp;quot;element&amp;quot; is null">
      <![CDATA[java.lang.AssertionError: java.lang.NullPointerException: Cannot invoke "org.openqa.selenium.WebElement.clear()" because "element" is null
at utils.WebBasePage.enter(WebBasePage.java:81)
at pageobjects.UserLoginPage.enterUserName(UserLoginPage.java:37)
at pageobjects.UserLoginPage.forcefulLogOutLogin(UserLoginPage.java:83)
at Action.LoginAction.logoutLogin(LoginAction.java:25)
at testcases.Question.addQuestion(Question.java:38)
at java.base/java.util.ArrayList.forEach(ArrayList.java:1511)
... Removed 28 stack frames]]>
    </failure>
  </testcase> <!-- addQuestion -->
  <testcase classname="testcases.Question" name="editQuestion" time="34.75">
    <failure type="java.lang.AssertionError" message="java.lang.IllegalArgumentException: Keys to send should be a not null CharSequence">
      <![CDATA[java.lang.AssertionError: java.lang.IllegalArgumentException: Keys to send should be a not null CharSequence
at utils.WebBasePage.enter(WebBasePage.java:81)
at pageobjects.QuestionPage.enterSearchText(QuestionPage.java:161)
at Action.QuestionAction.editCreatedQuestion(QuestionAction.java:51)
at testcases.Question.editQuestion(Question.java:50)
at java.base/java.util.ArrayList.forEach(ArrayList.java:1511)
... Removed 28 stack frames]]>
    </failure>
  </testcase> <!-- editQuestion -->
  <testcase classname="testcases.Question" name="priorityListing" time="49.55">
    <failure type="java.lang.AssertionError" message="java.lang.IllegalArgumentException: Keys to send should be a not null CharSequence">
      <![CDATA[java.lang.AssertionError: java.lang.IllegalArgumentException: Keys to send should be a not null CharSequence
at utils.WebBasePage.enter(WebBasePage.java:81)
at pageobjects.QuestionPage.enterSearchText(QuestionPage.java:161)
at Action.QuestionAction.ActiveStatus(QuestionAction.java:64)
at testcases.Question.priorityListing(Question.java:62)
at java.base/java.util.ArrayList.forEach(ArrayList.java:1511)
... Removed 28 stack frames]]>
    </failure>
  </testcase> <!-- priorityListing -->
  <testcase classname="testcases.ReviewTemplate" name="validationCheck" time="67.236">
    <failure type="java.lang.AssertionError" message="Full Menu -  element not present">
      <![CDATA[java.lang.AssertionError: Full Menu -  element not present
at utils.WebBasePage.click(WebBasePage.java:126)
at pageobjects.ReviewTemplatePage.clickFullMenuDropDown(ReviewTemplatePage.java:48)
at Action.ReviewTemplateAction.goToReviewTemplateTab(ReviewTemplateAction.java:21)
at testcases.ReviewTemplate.validationCheck(ReviewTemplate.java:20)
at java.base/java.util.ArrayList.forEach(ArrayList.java:1511)
... Removed 28 stack frames]]>
    </failure>
  </testcase> <!-- validationCheck -->
  <testcase classname="testcases.ReviewTemplate" name="addReviewTemplate" time="91.148">
    <failure type="java.lang.AssertionError" message="Full Menu -  element not present">
      <![CDATA[java.lang.AssertionError: Full Menu -  element not present
at utils.WebBasePage.click(WebBasePage.java:126)
at pageobjects.ReviewTemplatePage.clickFullMenuDropDown(ReviewTemplatePage.java:48)
at Action.ReviewTemplateAction.goToReviewTemplateTab(ReviewTemplateAction.java:21)
at testcases.ReviewTemplate.addReviewTemplate(ReviewTemplate.java:31)
at java.base/java.util.ArrayList.forEach(ArrayList.java:1511)
... Removed 28 stack frames]]>
    </failure>
  </testcase> <!-- addReviewTemplate -->
  <testcase classname="testcases.ReviewTemplate" name="editReviewTemplate" time="128.127">
    <failure type="java.lang.AssertionError" message="Full Menu -  element not present">
      <![CDATA[java.lang.AssertionError: Full Menu -  element not present
at utils.WebBasePage.click(WebBasePage.java:126)
at pageobjects.ReviewTemplatePage.clickFullMenuDropDown(ReviewTemplatePage.java:48)
at Action.ReviewTemplateAction.goToReviewTemplateTab(ReviewTemplateAction.java:21)
at testcases.ReviewTemplate.editReviewTemplate(ReviewTemplate.java:43)
at java.base/java.util.ArrayList.forEach(ArrayList.java:1511)
... Removed 28 stack frames]]>
    </failure>
  </testcase> <!-- editReviewTemplate -->
  <testcase classname="testcases.ReviewTemplate" name="ReviewTemplateStatusModificationAndValidation" time="94.269">
    <failure type="java.lang.AssertionError" message="org.openqa.selenium.StaleElementReferenceException: stale element reference: element is not attached to the page document
  (Session info: chrome=109.0.5414.75)
For documentation on this error, please visit: https://www.seleniumhq.org/exceptions/stale_element_reference.html
Build info: version: &amp;apos;3.141.59&amp;apos;, revision: &amp;apos;e82be7d358&amp;apos;, time: &amp;apos;2018-11-14T08:17:03&amp;apos;
System info: host: &amp;apos;COG-WIN-MAC03&amp;apos;, ip: &amp;apos;192.168.0.167&amp;apos;, os.name: &amp;apos;Windows 10&amp;apos;, os.arch: &amp;apos;amd64&amp;apos;, os.version: &amp;apos;10.0&amp;apos;, java.version: &amp;apos;17.0.2&amp;apos;
Driver info: org.openqa.selenium.chrome.ChromeDriver
Capabilities {acceptInsecureCerts: false, browserName: chrome, browserVersion: 109.0.5414.75, chrome: {chromedriverVersion: 109.0.5414.74 (e7c5703604da..., userDataDir: C:\Users\aanand\AppData\Loc...}, goog:chromeOptions: {debuggerAddress: localhost:55013}, javascriptEnabled: true, networkConnectionEnabled: false, pageLoadStrategy: normal, platform: WINDOWS, platformName: WINDOWS, proxy: Proxy(), setWindowRect: true, strictFileInteractability: false, timeouts: {implicit: 0, pageLoad: 300000, script: 30000}, unhandledPromptBehavior: dismiss and notify, webauthn:extension:credBlob: true, webauthn:extension:largeBlob: true, webauthn:virtualAuthenticators: true}
Session ID: 709e0d9dfc77d298bb602aee06e1f8d2">
      <![CDATA[java.lang.AssertionError: org.openqa.selenium.StaleElementReferenceException: stale element reference: element is not attached to the page document
  (Session info: chrome=109.0.5414.75)
For documentation on this error, please visit: https://www.seleniumhq.org/exceptions/stale_element_reference.html
Build info: version: '3.141.59', revision: 'e82be7d358', time: '2018-11-14T08:17:03'
System info: host: 'COG-WIN-MAC03', ip: '192.168.0.167', os.name: 'Windows 10', os.arch: 'amd64', os.version: '10.0', java.version: '17.0.2'
Driver info: org.openqa.selenium.chrome.ChromeDriver
Capabilities {acceptInsecureCerts: false, browserName: chrome, browserVersion: 109.0.5414.75, chrome: {chromedriverVersion: 109.0.5414.74 (e7c5703604da..., userDataDir: C:\Users\aanand\AppData\Loc...}, goog:chromeOptions: {debuggerAddress: localhost:55013}, javascriptEnabled: true, networkConnectionEnabled: false, pageLoadStrategy: normal, platform: WINDOWS, platformName: WINDOWS, proxy: Proxy(), setWindowRect: true, strictFileInteractability: false, timeouts: {implicit: 0, pageLoad: 300000, script: 30000}, unhandledPromptBehavior: dismiss and notify, webauthn:extension:credBlob: true, webauthn:extension:largeBlob: true, webauthn:virtualAuthenticators: true}
Session ID: 709e0d9dfc77d298bb602aee06e1f8d2
at utils.WebBasePage.enter(WebBasePage.java:81)
at pageobjects.ReviewTemplatePage.searchreviewtemplate(ReviewTemplatePage.java:158)
at Action.ReviewTemplateAction.ActiveStatus(ReviewTemplateAction.java:57)
at testcases.ReviewTemplate.ReviewTemplateStatusModificationAndValidation(ReviewTemplate.java:56)
at java.base/java.util.ArrayList.forEach(ArrayList.java:1511)
... Removed 28 stack frames]]>
    </failure>
  </testcase> <!-- ReviewTemplateStatusModificationAndValidation -->
  <testcase classname="testcases.Service" name="validationCheck" time="37.288"/>
  <testcase classname="testcases.Service" name="addService" time="52.647"/>
  <testcase classname="testcases.Service" name="editService" time="45.36">
    <failure type="java.lang.AssertionError" message="java.lang.NullPointerException: Cannot invoke &amp;quot;org.openqa.selenium.WebElement.clear()&amp;quot; because &amp;quot;element&amp;quot; is null">
      <![CDATA[java.lang.AssertionError: java.lang.NullPointerException: Cannot invoke "org.openqa.selenium.WebElement.clear()" because "element" is null
at utils.WebBasePage.enter(WebBasePage.java:81)
at pageobjects.UserLoginPage.enterUserName(UserLoginPage.java:37)
at pageobjects.UserLoginPage.forcefulLogOutLogin(UserLoginPage.java:83)
at Action.LoginAction.logoutLogin(LoginAction.java:25)
at testcases.Service.editService(Service.java:48)
at java.base/java.util.ArrayList.forEach(ArrayList.java:1511)
... Removed 28 stack frames]]>
    </failure>
  </testcase> <!-- editService -->
  <testcase classname="testcases.Service" name="ServiceListing" time="60.629"/>
  <testcase classname="testcases.Shift" name="validationCheck" time="39.005"/>
  <testcase classname="testcases.Shift" name="addShiftFexible" time="77.799"/>
  <testcase classname="testcases.Shift" name="editShiftFexible" time="63.976"/>
  <testcase classname="testcases.Shift" name="ServiceListing" time="76.914"/>
  <testcase classname="testcases.Skill" name="validationCheck" time="36.874"/>
  <testcase classname="testcases.Skill" name="addSkill" time="52.349"/>
  <testcase classname="testcases.Skill" name="EditSkill" time="64.564"/>
  <testcase classname="testcases.Skill" name="SkillListing" time="84.502"/>
  <testcase classname="testcases.Stage" name="validationCheck" time="39.089"/>
  <testcase classname="testcases.Stage" name="addStage" time="106.593"/>
  <testcase classname="testcases.Stage" name="EditStage" time="67.818"/>
  <testcase classname="testcases.Stage" name="StageListing" time="43.068">
    <failure type="java.lang.AssertionError" message="java.lang.NullPointerException: Cannot invoke &amp;quot;org.openqa.selenium.WebElement.clear()&amp;quot; because &amp;quot;element&amp;quot; is null">
      <![CDATA[java.lang.AssertionError: java.lang.NullPointerException: Cannot invoke "org.openqa.selenium.WebElement.clear()" because "element" is null
at utils.WebBasePage.enter(WebBasePage.java:81)
at pageobjects.UserLoginPage.enterUserName(UserLoginPage.java:37)
at pageobjects.UserLoginPage.forcefulLogOutLogin(UserLoginPage.java:83)
at Action.LoginAction.logoutLogin(LoginAction.java:25)
at testcases.Stage.StageListing(Stage.java:62)
at java.base/java.util.ArrayList.forEach(ArrayList.java:1511)
... Removed 28 stack frames]]>
    </failure>
  </testcase> <!-- StageListing -->
  <testcase classname="testcases.Status" name="validationCheck" time="37.035"/>
  <testcase classname="testcases.Status" name="addStatus" time="70.007"/>
  <testcase classname="testcases.Status" name="EditStatus" time="65.114"/>
  <testcase classname="testcases.Status" name="StatusListing" time="74.959"/>
  <testcase classname="testcases.TaxAndDiscount" name="ValidationCheck" time="35.048"/>
  <testcase classname="testcases.TaxAndDiscount" name="AddTaxAndDiscount" time="57.407"/>
  <testcase classname="testcases.TaxAndDiscount" name="ActiveAndINactive" time="48.145"/>
  <testcase classname="testcases.TemplateMapping" name="addTemplateMappingValidation" time="35.979"/>
  <testcase classname="testcases.TemplateMapping" name="addTemplateMapping" time="80.046"/>
  <testcase classname="testcases.TemplateMapping" name="TrainingFeedbacklisting" time="84.559"/>
  <testcase classname="testcases.TrainingFeedback" name="addFeedbackValidationCheck" time="77.834"/>
  <testcase classname="testcases.TrainingFeedback" name="addTrainingFeedback" time="50.03"/>
  <testcase classname="testcases.TrainingFeedback" name="editTrainingFeedback" time="71.767"/>
  <testcase classname="testcases.TrainingFeedback" name="TrainingFeedbacklisting" time="87.894"/>
  <testcase classname="testcases.Trip" name="validationCheck" time="38.776"/>
  <testcase classname="testcases.Trip" name="addTrip" time="52.869"/>
  <testcase classname="testcases.Trip" name="EditTrip" time="67.487"/>
  <testcase classname="testcases.Trip" name="TripListing" time="76.629"/>
  <testcase classname="testcases.UserTitle" name="validationCheck" time="36.691"/>
  <testcase classname="testcases.UserTitle" name="addUserTitle" time="49.378"/>
  <testcase classname="testcases.UserTitle" name="EditUserTitle" time="64.386"/>
  <testcase classname="testcases.UserTitle" name="StageListing" time="75.553"/>
  <testcase classname="testcases.Venue" name="addVenueValidationCheck" time="56.829">
    <failure type="java.lang.AssertionError" message="Full Menu -  element not present">
      <![CDATA[java.lang.AssertionError: Full Menu -  element not present
at utils.WebBasePage.click(WebBasePage.java:126)
at pageobjects.VenuePage.clickFullMenuDropDown(VenuePage.java:50)
at Action.VenueAction.goToVenueTab(VenueAction.java:20)
at testcases.Venue.addVenueValidationCheck(Venue.java:25)
at java.base/java.util.ArrayList.forEach(ArrayList.java:1511)
... Removed 28 stack frames]]>
    </failure>
  </testcase> <!-- addVenueValidationCheck -->
  <testcase classname="testcases.Venue" name="addVenue" time="190.609"/>
  <testcase classname="testcases.Venue" name="editVenue" time="130.942">
    <failure type="java.lang.AssertionError" message="Full Menu -  element not present">
      <![CDATA[java.lang.AssertionError: Full Menu -  element not present
at utils.WebBasePage.click(WebBasePage.java:126)
at pageobjects.VenuePage.clickFullMenuDropDown(VenuePage.java:50)
at Action.VenueAction.goToVenueTab(VenueAction.java:20)
at testcases.Venue.editVenue(Venue.java:49)
at java.base/java.util.ArrayList.forEach(ArrayList.java:1511)
... Removed 28 stack frames]]>
    </failure>
  </testcase> <!-- editVenue -->
  <testcase classname="testcases.Venue" name="addLayout" time="246.548"/>
  <testcase classname="testcases.Venue" name="deleteVenue" time="72.566">
    <failure type="java.lang.AssertionError" message="Full Menu -  element not present">
      <![CDATA[java.lang.AssertionError: Full Menu -  element not present
at utils.WebBasePage.click(WebBasePage.java:126)
at pageobjects.VenuePage.clickFullMenuDropDown(VenuePage.java:50)
at Action.VenueAction.goToVenueTab(VenueAction.java:20)
at testcases.Venue.deleteVenue(Venue.java:73)
at java.base/java.util.ArrayList.forEach(ArrayList.java:1511)
... Removed 28 stack frames]]>
    </failure>
  </testcase> <!-- deleteVenue -->
  <testcase classname="utils.WebTestBase" name="@AfterSuite close" time="0.0">
    <ignored/>
  </testcase> <!-- @AfterSuite close -->
  <testcase classname="utils.WebTestBase" name="@AfterSuite close" time="0.0">
    <ignored/>
  </testcase> <!-- @AfterSuite close -->
  <testcase classname="utils.WebTestBase" name="@AfterSuite close" time="0.0">
    <ignored/>
  </testcase> <!-- @AfterSuite close -->
  <testcase classname="utils.WebTestBase" name="@AfterSuite close" time="0.0">
    <ignored/>
  </testcase> <!-- @AfterSuite close -->
  <testcase classname="utils.WebTestBase" name="@AfterSuite close" time="0.0">
    <ignored/>
  </testcase> <!-- @AfterSuite close -->
  <testcase classname="utils.WebTestBase" name="@AfterSuite close" time="0.0">
    <ignored/>
  </testcase> <!-- @AfterSuite close -->
  <testcase classname="utils.WebTestBase" name="@AfterSuite close" time="0.0">
    <ignored/>
  </testcase> <!-- @AfterSuite close -->
  <testcase classname="utils.WebTestBase" name="@AfterSuite close" time="0.0">
    <ignored/>
  </testcase> <!-- @AfterSuite close -->
  <testcase classname="utils.WebTestBase" name="@AfterSuite close" time="0.0">
    <ignored/>
  </testcase> <!-- @AfterSuite close -->
  <testcase classname="utils.WebTestBase" name="@AfterSuite close" time="0.0">
    <ignored/>
  </testcase> <!-- @AfterSuite close -->
  <testcase classname="utils.WebTestBase" name="@AfterSuite close" time="0.0">
    <ignored/>
  </testcase> <!-- @AfterSuite close -->
  <testcase classname="utils.WebTestBase" name="@AfterSuite close" time="0.0">
    <ignored/>
  </testcase> <!-- @AfterSuite close -->
  <testcase classname="utils.WebTestBase" name="@AfterSuite close" time="0.0">
    <ignored/>
  </testcase> <!-- @AfterSuite close -->
  <testcase classname="utils.WebTestBase" name="@AfterSuite close" time="0.0">
    <ignored/>
  </testcase> <!-- @AfterSuite close -->
  <testcase classname="utils.WebTestBase" name="@AfterSuite close" time="0.0">
    <ignored/>
  </testcase> <!-- @AfterSuite close -->
  <testcase classname="utils.WebTestBase" name="@AfterSuite close" time="0.0">
    <ignored/>
  </testcase> <!-- @AfterSuite close -->
  <testcase classname="utils.WebTestBase" name="@AfterSuite close" time="0.0">
    <ignored/>
  </testcase> <!-- @AfterSuite close -->
  <testcase classname="utils.WebTestBase" name="@AfterSuite close" time="0.0">
    <ignored/>
  </testcase> <!-- @AfterSuite close -->
  <testcase classname="utils.WebTestBase" name="@AfterSuite close" time="0.0">
    <ignored/>
  </testcase> <!-- @AfterSuite close -->
  <testcase classname="utils.WebTestBase" name="@AfterSuite close" time="0.0">
    <ignored/>
  </testcase> <!-- @AfterSuite close -->
  <testcase classname="utils.WebTestBase" name="@AfterSuite close" time="0.0">
    <ignored/>
  </testcase> <!-- @AfterSuite close -->
  <testcase classname="utils.WebTestBase" name="@AfterSuite close" time="0.0">
    <ignored/>
  </testcase> <!-- @AfterSuite close -->
  <testcase classname="utils.WebTestBase" name="@AfterSuite close" time="0.0">
    <ignored/>
  </testcase> <!-- @AfterSuite close -->
  <testcase classname="utils.WebTestBase" name="@AfterSuite close" time="0.0">
    <ignored/>
  </testcase> <!-- @AfterSuite close -->
  <testcase classname="utils.WebTestBase" name="@AfterSuite close" time="0.0">
    <ignored/>
  </testcase> <!-- @AfterSuite close -->
  <testcase classname="utils.WebTestBase" name="@AfterSuite close" time="0.0">
    <ignored/>
  </testcase> <!-- @AfterSuite close -->
  <testcase classname="utils.WebTestBase" name="@AfterSuite close" time="0.0">
    <ignored/>
  </testcase> <!-- @AfterSuite close -->
  <testcase classname="utils.WebTestBase" name="@AfterSuite close" time="0.0">
    <ignored/>
  </testcase> <!-- @AfterSuite close -->
  <testcase classname="utils.WebTestBase" name="@AfterSuite close" time="0.0">
    <ignored/>
  </testcase> <!-- @AfterSuite close -->
  <testcase classname="utils.WebTestBase" name="@AfterSuite close" time="0.0">
    <ignored/>
  </testcase> <!-- @AfterSuite close -->
  <testcase classname="utils.WebTestBase" name="@AfterSuite close" time="0.0">
    <ignored/>
  </testcase> <!-- @AfterSuite close -->
</testsuite> <!-- TestName -->
